results_selected =[([array([[[[-0.02400006, -0.07122623, -0.03565687,  0.00408049,
           0.14694529],
         [-0.00051421, -0.05625802, -0.09973331,  0.05368342,
           0.17094191],
         [-0.02240011, -0.03204328,  0.03792635,  0.02861275,
           0.16602211],
         [ 0.02714393, -0.17220754, -0.04172279, -0.0038742 ,
          -0.04544628],
         [-0.11770178, -0.12368514, -0.1146074 , -0.00075355,
          -0.03635667]],

        [[-0.11887274, -0.12527191, -0.06303561, -0.13188477,
          -0.01822371],
         [ 0.02026902, -0.10708347, -0.23090734, -0.10333116,
          -0.10821256],
         [-0.04655533, -0.03143937, -0.09750931, -0.12881078,
          -0.17954432],
         [-0.06751016, -0.12571269, -0.1268184 , -0.13574741,
           0.05220932],
         [-0.24520018, -0.25455162, -0.18872477, -0.09941031,
          -0.02483292]],

        [[ 0.09062607, -0.1232557 , -0.10175133, -0.07495338,
          -0.04707561],
         [ 0.10297078, -0.10183934,  0.03974199,  0.08265492,
          -0.05233187],
         [-0.11479781, -0.03187393,  0.0209357 , -0.08069677,
           0.14802445],
         [ 0.00909946, -0.14090008, -0.08277068,  0.03134786,
           0.06713571],
         [-0.02025183, -0.10602641,  0.06749618,  0.06269564,
           0.18423646]]],


       [[[-0.05813777, -0.03843374,  0.11223806,  0.07778235,
           0.09178632],
         [ 0.07972326,  0.00304793,  0.1324682 ,  0.03985729,
           0.06339404],
         [ 0.10679507,  0.10346359,  0.06030052,  0.16569832,
           0.15029646],
         [ 0.13551759,  0.04126981,  0.03598088,  0.10568354,
           0.08454092],
         [ 0.07157412,  0.06114776,  0.12177138,  0.14324206,
           0.10951053]],

        [[-0.09697357,  0.01221449, -0.00680957, -0.07019089,
          -0.05607199],
         [-0.0766619 ,  0.07406549,  0.03222898,  0.11292783,
          -0.09788223],
         [-0.01016799, -0.07097771, -0.0341969 , -0.03024084,
           0.03198782],
         [-0.10200799, -0.09038029,  0.05712487,  0.00744431,
           0.0370424 ],
         [-0.12485985, -0.0582506 , -0.10766382, -0.1459341 ,
          -0.02135948]],

        [[-0.01276776,  0.02900736,  0.10064638, -0.01235519,
           0.09569257],
         [ 0.13190037,  0.13332604,  0.15693713,  0.05238418,
           0.09269334],
         [-0.02851827,  0.07801282,  0.16455572,  0.02206521,
           0.02272581],
         [ 0.13364605,  0.14880701,  0.15617236,  0.09974141,
           0.01611351],
         [ 0.08135859,  0.04782752,  0.0897607 ,  0.08069875,
           0.0772918 ]]],


       [[[ 0.13486949,  0.07511612,  0.25401809,  0.0151616 ,
           0.14329449],
         [ 0.15721189,  0.45909047,  0.49036289,  0.26573057,
           0.19703336],
         [ 0.10770543,  0.01259406,  0.03228256,  0.1209589 ,
          -0.12865477],
         [-0.22378984, -0.31317355, -0.35594289, -0.34320148,
          -0.25199434],
         [-0.03291865, -0.09115484, -0.08134469, -0.15999115,
          -0.06299899]],

        [[ 0.09586432, -0.08026017, -0.05860485,  0.0806632 ,
          -0.02432665],
         [ 0.14696186,  0.2387616 ,  0.12416857,  0.1513973 ,
           0.16129716],
         [-0.11518453,  0.06383698, -0.12416111, -0.03591297,
          -0.04569571],
         [-0.23585375, -0.34789445, -0.32675012, -0.25264578,
          -0.28524537],
         [ 0.04263888,  0.07833509, -0.11533989, -0.04752077,
           0.08143524]],

        [[-0.14910184, -0.04357837, -0.02418483, -0.06987177,
           0.02838638],
         [ 0.02947998,  0.13378487,  0.23842045,  0.21510992,
           0.10155615],
         [ 0.04968403,  0.0036675 , -0.09818711, -0.08425402,
          -0.13498365],
         [-0.1181715 , -0.0691191 , -0.19898428, -0.17030434,
          -0.10617296],
         [ 0.19253207,  0.1217316 ,  0.15820258,  0.11577588,
           0.24461994]]],


       [[[ 0.14766403,  0.24952937,  0.0779327 ,  0.05524793,
           0.05699027],
         [ 0.13083029,  0.11370975,  0.11854498, -0.08592081,
          -0.08959307],
         [ 0.07682667,  0.15373875,  0.16163619, -0.15952951,
          -0.02673126],
         [ 0.09411047, -0.00610335,  0.10907145, -0.05943607,
          -0.12826383],
         [ 0.04021349,  0.10850945, -0.07978031, -0.02728625,
          -0.16220061]],

        [[-0.00125823,  0.03076762, -0.01839157, -0.27720527,
          -0.25120127],
         [-0.02394023,  0.13464887,  0.01456855, -0.22726379,
          -0.20854695],
         [ 0.09496916,  0.1028873 , -0.01395757, -0.31989191,
          -0.31394373],
         [ 0.0483178 ,  0.12812783,  0.00712987, -0.18988227,
          -0.27694955],
         [ 0.01602329, -0.01266036,  0.04234587, -0.13226885,
          -0.06514003]],

        [[ 0.07163344,  0.18562391, -0.06626   , -0.16401164,
          -0.16185375],
         [ 0.06714603,  0.24772184,  0.04416056, -0.25960656,
          -0.13882735],
         [ 0.13133039,  0.16924023,  0.09291443, -0.10495582,
          -0.11926161],
         [ 0.03274682,  0.21761477,  0.16428803, -0.1590502 ,
           0.01627985],
         [ 0.07922232,  0.16255529, -0.00785168,  0.06079915,
           0.01464367]]],


       [[[ 0.03809235, -0.01498314, -0.09622275, -0.0296654 ,
           0.1531683 ],
         [-0.10867642, -0.06041218, -0.26381305,  0.13068863,
           0.23310682],
         [-0.07801144, -0.29569432,  0.01953908,  0.16729775,
           0.00776022],
         [-0.17851746, -0.39169914,  0.22608273,  0.22970105,
          -0.17353188],
         [-0.22064902, -0.18997529,  0.21161725,  0.01344836,
          -0.12235247]],

        [[ 0.05323604, -0.09088622, -0.1900184 ,  0.07324324,
           0.12665398],
         [ 0.02561847,  0.00851146, -0.14792448,  0.00992076,
           0.07675481],
         [ 0.02141503, -0.16659879,  0.10853042,  0.09099992,
           0.11700678],
         [-0.1171992 , -0.10026682,  0.26320437,  0.32302637,
          -0.16090398],
         [ 0.00168057, -0.1549201 ,  0.30930398,  0.11874625,
          -0.0124837 ]],

        [[-0.11527098, -0.06791233, -0.04492117, -0.07658821,
           0.04511386],
         [-0.03174445, -0.01419593, -0.08933768,  0.0417687 ,
           0.26822395],
         [-0.02069446, -0.20766699, -0.01870722,  0.18787354,
           0.06057668],
         [-0.19960254, -0.28232418,  0.17258594,  0.22381844,
          -0.08312322],
         [-0.02964821, -0.26255922,  0.25378699,  0.20708775,
          -0.17839891]]],


       [[[-0.18805941, -0.13871231, -0.17305363, -0.14130476,
           0.0085465 ],
         [-0.20834613, -0.13807938, -0.19689813, -0.08446088,
          -0.26754492],
         [-0.24928582, -0.13801673, -0.17068773, -0.19981098,
          -0.13823244],
         [-0.07510373, -0.05587916, -0.08626801, -0.02347572,
          -0.15636008],
         [-0.20279295,  0.04571646, -0.10976935, -0.03854852,
          -0.04491491]],

        [[ 0.06698481,  0.09638308, -0.02601772,  0.12082859,
           0.11655251],
         [-0.06884687, -0.03072144,  0.05352388,  0.1040033 ,
           0.07262279],
         [-0.00761847,  0.04636255,  0.14816218,  0.10878392,
           0.02177056],
         [-0.02455524, -0.04760886,  0.10615607,  0.10742994,
           0.03060025],
         [ 0.02946458, -0.0229008 , -0.07542507, -0.01486775,
          -0.10800941]],

        [[ 0.0165205 ,  0.01889288,  0.26163168,  0.09685971,
           0.12588338],
         [ 0.15964326,  0.10120986,  0.07311882,  0.10014274,
           0.18463309],
         [ 0.0842112 ,  0.15043791,  0.05610526,  0.18536012,
           0.19547832],
         [ 0.14301213,  0.05684747,  0.10230529,  0.13509725,
           0.18104797],
         [ 0.14987309, -0.00858244,  0.17347955, -0.01950922,
          -0.06547533]]]]), array([ 0.14972329,  0.27800844, -0.15367407, -0.05520916,  0.43492824,
        0.53310133]), array([[[[-1.03617029e-02,  2.16754102e-02,  2.93048047e-02,
           4.15016785e-03,  4.75852441e-02],
         [-3.01629785e-02,  4.70980273e-02,  2.91427155e-03,
           2.79696777e-02,  2.07712793e-02],
         [-1.75698718e-02, -4.94489551e-02, -5.83272119e-02,
           1.79990540e-02,  8.21100098e-02],
         [-7.31803711e-03, -8.45290820e-02, -3.92519971e-02,
          -2.94662378e-02, -1.52741943e-03],
         [-1.67832031e-01, -1.26057031e-01, -9.78941602e-02,
           1.00847241e-02,  2.47361938e-02]],

        [[-5.02208435e-03, -7.44758398e-02, -1.05776416e-01,
          -3.63202319e-02, -8.44111719e-02],
         [-2.50067822e-02,  1.72310828e-02, -7.75987891e-02,
          -8.25047852e-03, -9.65829785e-02],
         [-3.19987366e-03, -7.04715771e-02,  4.97179395e-02,
           9.61587280e-03, -9.00242383e-02],
         [-3.38740845e-02,  1.91219897e-02,  7.51243213e-02,
          -3.71034033e-02, -4.70705322e-02],
         [-1.17115356e-02,  1.00830332e-01, -7.76305420e-03,
          -4.03241748e-02,  3.81243701e-02]],

        [[ 1.78423047e-01,  1.69231445e-01,  1.59858369e-01,
           1.81305508e-01,  5.55392188e-02],
         [ 3.40619214e-02, -5.40801367e-02,  2.12191626e-02,
           9.55540820e-02,  8.51724414e-02],
         [ 2.02483047e-01,  2.04986484e-01,  2.62826465e-01,
           1.49613164e-01,  1.91571562e-01],
         [ 1.61510879e-01,  1.29657568e-01,  6.67924219e-02,
           9.50467969e-02,  9.21192969e-02],
         [ 1.50975723e-01,  1.75472012e-01,  1.36000957e-01,
           1.53125303e-01, -1.46982617e-02]],

        [[-7.32647754e-02, -2.16885547e-02, -1.15316807e-01,
          -1.12863171e-02, -1.70363232e-02],
         [ 4.40217255e-03, -1.41335723e-01, -1.77595627e-03,
          -1.34462803e-01, -5.21292090e-02],
         [-1.20199634e-02, -1.03364687e-01, -7.89450867e-03,
          -1.37321992e-01, -1.21061108e-02],
         [-1.10108838e-01, -5.73087402e-02, -5.94537891e-02,
          -5.45864062e-02,  5.61903503e-03],
         [ 3.34335937e-02, -8.40594727e-02, -1.21427559e-01,
          -1.66916836e-01, -4.86273828e-02]],

        [[ 7.06073682e-02,  6.52980176e-02,  3.32705249e-02,
           6.77375586e-02,  4.53395361e-02],
         [ 2.06988477e-02,  7.48127637e-02,  1.10732402e-01,
          -6.85553564e-02,  3.08505371e-02],
         [ 1.49356177e-02, -1.78833580e-05, -5.68991748e-02,
           5.61753809e-02, -8.68167969e-02],
         [ 2.49961987e-02,  6.43420801e-02,  8.72914185e-03,
          -4.40062793e-02,  9.79622070e-02],
         [-2.66039844e-02, -1.04109785e-01,  3.80154443e-02,
          -1.73490894e-02,  7.70076563e-02]],

        [[-5.96308398e-02,  3.18822339e-02,  2.86081128e-02,
           4.99744336e-02,  6.53906006e-02],
         [ 4.09249219e-02,  2.03552734e-02,  5.24540723e-02,
           7.67131738e-02,  3.73322693e-03],
         [-3.87095154e-03,  1.30832532e-02, -2.74989551e-02,
          -4.30345215e-02, -1.82789026e-02],
         [-6.11251855e-02,  5.71163232e-02,  4.53407373e-02,
           3.37598340e-02,  4.85652637e-02],
         [ 6.29680322e-02, -6.51047314e-02,  4.64795410e-02,
          -1.17440137e-02, -7.96073730e-02]]],


       [[[ 2.41408447e-02, -2.64286450e-02,  2.61285986e-02,
           8.00812207e-02,  1.13260820e-01],
         [ 2.98341797e-02,  4.86174707e-02, -2.82925049e-02,
           1.36269277e-01,  1.54099133e-02],
         [-4.08106781e-03, -4.71163721e-02,  2.02389014e-02,
           1.17533066e-01,  7.23889941e-02],
         [-1.06953184e-01, -1.98360291e-02,  1.06339569e-03,
           9.76685938e-02,  3.46622998e-02],
         [-1.59894736e-01, -8.26846582e-02, -5.53507910e-02,
          -8.78004785e-02,  6.83017456e-03]],

        [[-2.83035303e-02, -3.92174927e-02, -1.08266211e-01,
           9.85598267e-03, -8.91206055e-02],
         [-4.32977539e-02, -8.87675171e-03, -3.03628711e-02,
          -6.53604492e-03, -3.51540894e-02],
         [ 1.77009326e-02, -4.18381055e-02,  4.63106836e-02,
           3.11668408e-02, -4.82307861e-02],
         [ 5.62798218e-03,  7.24165625e-02,  9.15589844e-02,
           4.93515723e-02, -7.49903418e-02],
         [ 9.39085059e-02,  6.47449463e-02,  4.86623047e-02,
          -2.34847803e-02, -2.10241260e-02]],

        [[ 1.00554580e-01,  6.72792285e-02,  7.10516113e-02,
          -2.96159375e-02,  4.53008398e-02],
         [-4.28658984e-02,  3.21550391e-02, -7.04385449e-02,
          -8.70704785e-02,  6.00344434e-02],
         [ 1.25700039e-01,  1.40672773e-01,  7.35212695e-02,
          -4.74590527e-02,  7.95347803e-02],
         [ 5.63256250e-02,  2.27451636e-02,  3.41688623e-02,
          -5.92051953e-02,  3.53577588e-02],
         [ 7.94237122e-03,  8.28085937e-03,  4.17313330e-02,
          -1.03568481e-02, -4.07605396e-02]],

        [[-7.40766504e-02, -2.77120996e-02,  4.97372168e-02,
           3.77957733e-03, -1.71741931e-02],
         [ 3.80040259e-02,  3.69986499e-02,  1.09907544e-02,
           3.39455566e-02,  3.20150439e-02],
         [-4.21956934e-02,  7.18653027e-02,  1.50663848e-01,
           2.92102368e-02, -4.88954932e-02],
         [-9.71291504e-02, -5.71001172e-02,  2.97104834e-02,
           2.08460132e-02,  4.28427696e-04],
         [-2.16370337e-02,  2.35792187e-02,  1.25076973e-01,
           1.99063513e-02,  2.38569775e-02]],

        [[-3.10538599e-02, -3.61698494e-04, -9.62066602e-02,
           7.39235205e-02,  1.24899048e-02],
         [ 8.83332422e-02,  1.97967200e-02, -9.92609277e-02,
          -3.36905078e-02, -3.35058936e-02],
         [ 4.93805762e-02, -6.83596631e-02,  3.32762793e-02,
           5.34103711e-02,  1.74587769e-02],
         [ 1.03512512e-02, -3.40516754e-03, -8.26662500e-02,
          -4.72076611e-02,  5.27891052e-03],
         [-6.18857324e-02, -8.77167578e-02, -8.01180078e-02,
          -1.21429287e-01,  9.12601685e-03]],

        [[-4.04678809e-02,  1.73829114e-02,  2.41565967e-02,
           3.27798633e-02, -1.18205103e-02],
         [-2.32697534e-02,  6.01937012e-02, -2.94307959e-02,
          -4.70566211e-02, -2.28379102e-02],
         [ 7.33730078e-02, -2.53457443e-03, -1.82429443e-02,
          -5.69212500e-02, -8.54921875e-02],
         [-1.46848853e-02,  5.91637402e-02, -3.51644928e-03,
           2.25202979e-02,  8.33046289e-02],
         [-4.66113953e-03,  9.79277710e-03, -4.04070093e-02,
           4.42277246e-02, -3.72304932e-03]]],


       [[[ 1.97294043e-02,  4.01182397e-02,  1.36367957e-02,
           5.91824316e-02,  3.95241064e-02],
         [ 1.14286738e-01,  1.44108984e-01,  1.32148574e-01,
           6.67225195e-02,  8.99013379e-02],
         [ 1.44638174e-01, -1.52264050e-02,  6.67594629e-02,
           1.23161523e-02, -2.41637476e-02],
         [ 2.50333813e-02, -9.36547180e-03, -7.75887695e-02,
           1.89357959e-02,  9.94150848e-04],
         [-1.01804419e-02, -3.02662402e-02, -1.23450508e-01,
          -1.40577998e-01, -1.13242598e-01]],

        [[ 8.03575732e-02, -3.33867993e-02,  2.12364160e-02,
          -6.60570801e-02,  3.52532178e-02],
         [ 3.72159229e-02, -3.12182324e-02, -1.29772588e-01,
          -6.74484473e-02,  1.04922031e-01],
         [-6.79585449e-02, -1.45631982e-02,  1.34949976e-02,
          -5.94836816e-02,  4.84974976e-03],
         [ 9.73250781e-02,  6.68288281e-02,  2.69733008e-02,
           1.10761582e-01,  1.65571445e-01],
         [ 1.93114539e-02,  3.27156348e-02,  1.44634980e-01,
           1.75928711e-01,  1.20201533e-01]],

        [[-2.69347290e-02,  5.18784082e-02,  8.69488281e-02,
           3.56775940e-03, -5.75444141e-02],
         [-3.42787671e-02, -3.28080664e-02,  4.77437354e-02,
           4.35638867e-02,  6.77152148e-02],
         [ 1.00494879e-02,  4.75755371e-02, -3.93180359e-03,
           7.61539258e-02,  1.06461152e-01],
         [-4.15998242e-02,  4.79000195e-02,  1.08808164e-01,
           5.97045312e-02,  4.27761963e-02],
         [-9.54578711e-02,  3.50141211e-02, -2.42398291e-02,
           6.18866650e-02,  3.57716138e-02]],

        [[ 9.43648242e-02,  6.29976563e-02,  3.62444360e-02,
          -2.50410937e-02, -2.13336084e-02],
         [ 9.00716211e-02,  1.08463242e-01, -8.20651172e-02,
          -8.68233203e-02, -1.02163164e-01],
         [ 1.29715430e-01,  2.64603369e-02,  6.40559277e-02,
          -6.17010156e-02, -5.08140918e-02],
         [ 7.28161865e-03, -1.79135706e-02,  1.63858179e-02,
           2.62198022e-02,  5.49072168e-02],
         [-2.98665918e-02, -2.71078857e-02, -1.00195337e-02,
           1.26214902e-01,  9.05461523e-02]],

        [[-1.13470488e-01, -9.27308398e-02, -1.00172285e-01,
          -3.83562817e-02,  4.76340039e-02],
         [-5.27971631e-02, -1.69110137e-01, -7.35462305e-02,
          -5.90658984e-02, -2.92325098e-02],
         [-1.36831250e-01, -1.21244062e-01, -1.04042051e-01,
           9.46909637e-04, -3.51146680e-02],
         [-9.96473535e-02, -1.35953496e-01, -1.40676719e-01,
          -1.45381797e-01, -1.03290830e-01],
         [-3.54638330e-02, -9.70566016e-02, -7.22904785e-02,
          -1.22079746e-01, -6.46922070e-02]],

        [[ 1.60314365e-01,  9.34276270e-02,  5.48373438e-02,
           9.05179443e-03,  3.60261060e-02],
         [ 1.39542666e-01, -2.16062549e-02, -1.33767838e-03,
           6.40284717e-02,  3.35263574e-02],
         [ 7.14174219e-02,  2.27196808e-03,  4.74683887e-02,
           4.15503613e-02,  1.16523301e-01],
         [ 7.53910254e-02,  1.62028662e-01,  6.54127197e-02,
           1.60307188e-01,  1.36030054e-02],
         [ 2.86091602e-01,  1.06622432e-01,  1.54743799e-01,
           1.10877285e-01,  1.36799102e-01]]],


       ...,


       [[[ 8.08186426e-02, -1.71994971e-02, -9.57397070e-02,
          -6.42061230e-02, -1.11648301e-01],
         [ 1.41639209e-01,  2.97347217e-02, -5.74409229e-02,
          -7.27798535e-02, -1.62951113e-01],
         [ 1.99248945e-01,  7.43231494e-02, -6.03214233e-03,
          -1.23408242e-01, -8.60439648e-02],
         [ 2.04519141e-01,  8.90721484e-02,  5.04525391e-03,
          -1.12834336e-01, -9.59261328e-02],
         [ 2.19017031e-01, -1.63939868e-02, -5.41544629e-02,
          -2.63148096e-02, -4.24051953e-02]],

        [[-6.20686377e-02,  6.29404663e-03,  8.84388574e-02,
           8.05551953e-02,  1.36021816e-01],
         [-5.01941943e-02, -1.74490234e-02,  5.36408398e-02,
           3.35381567e-02,  7.04280469e-02],
         [-4.19425684e-02, -8.55142029e-03,  9.84929297e-02,
          -4.61661426e-02, -3.02217114e-02],
         [-9.06824414e-02, -5.12197900e-02,  7.16517090e-02,
           8.83678418e-02, -6.57743359e-02],
         [-1.32645449e-01,  2.14505347e-02,  3.61613770e-02,
           6.67934375e-02,  1.68284546e-02]],

        [[ 1.63572998e-02, -6.80406885e-02, -7.89267285e-02,
           1.04883789e-02, -1.06093730e-01],
         [-8.12252051e-02, -2.68316309e-02,  2.79882520e-02,
           1.73765027e-02, -4.52376758e-02],
         [-1.27583848e-01, -9.60959570e-02, -9.34724316e-02,
          -3.99261279e-02, -8.48618262e-02],
         [-1.67991602e-01, -1.42619941e-01, -1.59128262e-01,
          -1.69561055e-01, -1.36058018e-01],
         [-1.77633242e-01, -1.07493760e-01, -1.16755742e-01,
          -2.40703145e-01, -1.54606895e-01]],

        [[ 8.56699524e-03, -6.75718652e-02,  8.75940332e-02,
           4.33690723e-02,  1.01272471e-01],
         [ 1.78955029e-02,  1.34881299e-02,  1.96665723e-02,
           1.16590498e-01,  3.21726123e-02],
         [-7.72435938e-02, -4.84013037e-02,  5.63623877e-02,
           2.13801270e-02,  9.46507690e-03],
         [-4.58074756e-02,  4.99251660e-02,  7.04649805e-02,
           1.44050176e-01,  2.54949854e-02],
         [-5.14550537e-02,  3.50342383e-02, -3.14868237e-02,
           9.95191406e-02,  5.34843066e-02]],

        [[ 6.05126953e-02,  2.06941699e-02,  9.08489258e-02,
           2.24244531e-02, -9.55029883e-02],
         [-8.59514648e-03,  9.21052930e-02,  1.35720654e-02,
           1.20515210e-02, -7.90926416e-02],
         [-1.12708496e-02,  6.47368262e-02,  5.15125586e-02,
          -7.35561279e-02, -6.46895801e-02],
         [ 5.48794141e-02,  3.24357397e-02, -7.96482788e-03,
          -1.03559619e-01, -4.05036475e-02],
         [ 1.33324375e-01,  1.34210469e-01,  9.45660352e-02,
           3.26727979e-02, -1.39108506e-01]],

        [[ 7.40854590e-02, -3.63689795e-02, -3.16923584e-02,
          -4.08685205e-02,  4.35465918e-02],
         [ 2.81702515e-02,  5.86775635e-03,  5.06037549e-02,
          -6.69444824e-02,  6.59904150e-02],
         [-2.67126001e-02,  5.45985046e-03,  6.91745605e-02,
           1.82836279e-02, -4.11391113e-02],
         [ 2.81442780e-03, -1.17313770e-02,  6.21062695e-02,
          -1.06285571e-02, -1.21099939e-02],
         [-5.34902588e-03,  8.94819531e-02,  7.36651465e-02,
           2.26238867e-02,  1.05482397e-02]]],


       [[[-1.06083281e-01, -1.47104016e-02,  2.49695581e-02,
          -9.02552930e-02, -5.86449609e-02],
         [ 1.09521509e-02,  4.01846338e-02, -5.07171143e-02,
          -6.76524023e-02, -7.61015430e-02],
         [ 2.64870801e-02,  4.60488965e-02, -2.58360938e-02,
          -7.73043945e-02,  2.16152466e-02],
         [ 3.54057837e-02,  6.51200098e-02, -1.23149551e-01,
          -4.23551465e-02,  4.25636328e-02],
         [-6.06660583e-03, -5.04821387e-02, -2.06200977e-02,
           3.58716455e-02,  6.58169141e-02]],

        [[-4.42171777e-02,  4.06563171e-03, -2.86209521e-02,
          -6.92492090e-02,  3.92221954e-03],
         [ 1.05103223e-01, -1.78829663e-02,  5.94689648e-02,
          -6.79471094e-02,  9.79574402e-03],
         [ 4.07866797e-02, -7.03830688e-03, -2.40585498e-02,
          -2.56914844e-02, -7.50381396e-02],
         [-1.59004272e-02, -4.09609668e-02, -6.17755176e-02,
          -5.01642969e-02, -4.47372900e-02],
         [-3.60937061e-02,  2.55687207e-02, -1.15158623e-01,
          -4.96417285e-02,  8.71378723e-03]],

        [[-7.11105615e-02, -9.20471680e-02, -5.54495117e-02,
           4.19978027e-02, -5.43758398e-02],
         [-2.55167725e-02, -3.88172998e-02, -1.36150332e-01,
          -6.34916504e-02,  1.75552075e-02],
         [-7.06203516e-02, -8.45988281e-02, -8.84094727e-02,
          -3.40295068e-02, -9.29155078e-02],
         [-9.22893164e-02,  1.81834583e-02, -5.61995557e-02,
          -1.22778047e-01, -9.91815625e-02],
         [-6.63271027e-04, -1.44684277e-02, -3.31874951e-02,
          -3.72390869e-02, -1.10414121e-01]],

        [[-2.26965820e-02,  8.80005469e-02,  3.86900684e-02,
          -1.56493530e-02,  1.01786172e-01],
         [ 9.20437402e-02, -2.82718652e-02,  9.64391406e-02,
           9.66511133e-02,  5.86088574e-02],
         [ 6.05687891e-02,  1.89355981e-02,  1.08060547e-01,
           9.73757813e-02,  2.68334259e-03],
         [-1.57439380e-02, -3.11195239e-02,  9.21804102e-02,
           1.00314590e-01, -6.80311768e-02],
         [ 4.94261816e-02,  3.33969666e-03, -3.90719452e-04,
           1.22045254e-01,  4.00008130e-02]],

        [[ 5.74778613e-02, -3.76527441e-02,  3.01126373e-03,
           1.56887695e-01,  1.01529063e-01],
         [-2.78884863e-02,  8.08134277e-03,  1.03244102e-01,
           1.47914023e-01,  6.15228857e-02],
         [ 1.68707837e-02,  1.27777402e-01,  6.82051758e-02,
          -7.85336328e-02,  2.42420293e-01],
         [-2.84855908e-02,  1.56132637e-01,  6.43581445e-02,
           2.77689258e-02,  2.55826465e-01],
         [ 1.18294004e-01,  1.48822461e-01,  7.41742188e-02,
           1.33986250e-01,  1.83939297e-01]],

        [[-3.77184082e-03,  1.64337683e-02,  2.47233691e-02,
          -1.34978613e-01, -9.14279883e-02],
         [ 1.24242363e-01,  1.34219263e-02,  3.12337012e-02,
          -3.15314551e-02, -1.54980635e-01],
         [ 1.38354180e-01, -1.44187158e-02,  8.94095312e-02,
          -8.65666309e-02, -7.96146729e-03],
         [ 6.11256104e-03,  3.53961523e-02,  5.81563135e-02,
          -1.05175254e-01, -7.20592383e-02],
         [ 2.36503998e-03, -2.31524414e-02, -3.38017676e-02,
          -9.99365918e-02, -3.02165161e-02]]],


       [[[-2.83898132e-03, -9.44787305e-02, -4.42970117e-02,
          -7.51123047e-02, -5.52141504e-02],
         [ 1.80336929e-03, -3.59203931e-02,  1.87302490e-02,
           5.19305469e-02, -1.55740820e-02],
         [ 1.04851582e-01,  1.32455840e-01,  5.33080566e-02,
           4.04823120e-03, -3.29592773e-02],
         [ 1.25783652e-01,  7.21136426e-02,  1.15727529e-01,
           8.40370117e-02,  1.14419736e-01],
         [ 6.18346924e-02, -8.23441895e-03, -2.57626733e-02,
           1.00871699e-01,  3.27247998e-02]],

        [[-5.44401428e-03,  4.75872656e-02,  3.69484424e-02,
           8.76078125e-02,  8.89974414e-02],
         [-9.84890625e-02,  4.46947327e-03,  8.98394824e-02,
           1.22283437e-01,  2.01285571e-02],
         [-9.89156250e-02, -9.61356836e-02, -8.33870850e-03,
           3.22842090e-02,  6.33423218e-03],
         [-1.03628926e-01, -9.08176367e-02, -2.31811255e-02,
          -5.59321826e-02, -8.79010059e-02],
         [-1.39575317e-02, -7.95785791e-02, -3.06568213e-02,
          -3.85021899e-02, -4.83465723e-02]],

        [[ 1.59680723e-01,  5.49832617e-02, -5.55281152e-02,
           1.03505313e-01,  7.27894189e-02],
         [ 8.94330859e-02,  5.83569434e-02,  8.96291016e-02,
           5.25252051e-02,  7.78459619e-02],
         [ 4.08340576e-02,  9.03371484e-02, -3.54447437e-02,
           1.23346504e-01,  1.46777363e-01],
         [ 1.39182734e-01,  1.99532402e-01,  9.02332813e-02,
           8.89127539e-02,  1.14449893e-01],
         [ 5.54301270e-02,  2.25485469e-01,  2.07629277e-01,
           1.55734600e-01,  1.08996543e-01]],

        [[-5.69228821e-03, -6.51497266e-02,  3.22611621e-02,
          -8.55633984e-02,  4.36101172e-02],
         [-3.72588062e-02, -2.31526221e-02, -6.26982324e-02,
          -2.27230743e-03,  1.32902744e-01],
         [ 7.74511279e-02, -3.17195361e-02, -8.24442090e-02,
           7.69683716e-03,  4.87938867e-02],
         [ 4.47325195e-02, -4.13645703e-02,  1.41196460e-02,
           8.22028613e-02, -1.49368729e-03],
         [ 1.12774687e-01,  2.52691602e-02,  6.48467188e-02,
          -1.48986670e-02,  1.21142761e-03]],

        [[-7.28855273e-02, -1.70580371e-01, -4.50963232e-02,
          -6.82259717e-02, -3.54867261e-02],
         [-7.54254297e-02, -3.49843213e-02, -1.20276816e-01,
          -6.18724902e-02, -9.54960937e-02],
         [-1.99672119e-02, -6.07277246e-02, -2.63150830e-02,
           4.35846289e-02,  3.04047705e-02],
         [ 7.10929199e-02, -6.72572168e-02,  5.91531055e-02,
           3.01207495e-02,  8.22195898e-02],
         [-1.10035137e-01, -1.05079912e-01, -9.82421973e-02,
           1.88091406e-02,  1.15663926e-01]],

        [[ 4.72691797e-02,  6.11214941e-02,  7.20382080e-02,
           1.36559141e-01, -6.05917664e-03],
         [ 6.64120996e-02, -4.14359766e-02,  1.89785034e-02,
          -3.90149512e-02, -4.55784766e-02],
         [ 7.72800586e-02, -3.95379852e-03, -2.27909619e-02,
          -4.81872070e-02,  2.22837280e-02],
         [-1.64321472e-02,  9.79126953e-02, -1.88195581e-02,
           2.73734229e-02, -7.03374414e-02],
         [-5.86431836e-02, -1.56453101e-02, -4.84659961e-02,
          -3.15530884e-02,  3.53314893e-02]]]]), array([ 0.10193664, -0.08410696,  0.13605312, -0.09265813,  0.09811613,
        0.29837328,  0.19828766,  0.01881956, -0.06506601,  0.24587223,
       -0.30044613, -0.35737453, -0.12718059,  0.2270193 ,  0.04039485,
       -0.09880295]), array([[-0.02585303,  0.03783819,  0.04517841, ...,  0.02052299,
         0.02720322,  0.01227495],
       [-0.01200379,  0.02557583, -0.01679303, ...,  0.00268208,
        -0.04938976,  0.01256075],
       [ 0.01536204, -0.06384475, -0.09695975, ...,  0.06815495,
         0.00444492,  0.06275802],
       ...,
       [ 0.00251314, -0.04814494,  0.02901462, ...,  0.00945825,
         0.03653134,  0.08152039],
       [-0.02827698,  0.05663045,  0.01720112, ...,  0.03669667,
         0.01238246, -0.02146846],
       [-0.03983301, -0.00138465, -0.02114445, ...,  0.0273656 ,
         0.05296686, -0.05577923]]), array([ 0.06319234,  0.00298552, -0.0138061 ,  0.010875  , -0.03075543,
        0.06959028, -0.05848418,  0.00813656,  0.01703294,  0.03015555,
       -0.06018162, -0.00994882,  0.03099607,  0.00726138,  0.0894891 ,
        0.02989193, -0.00052279,  0.04540467,  0.06868152, -0.0421648 ,
        0.04126183, -0.07409172,  0.10358326, -0.06656352, -0.00673361,
        0.05416865,  0.02064126, -0.00128068,  0.02443406,  0.00829257,
        0.0723    , -0.06898744,  0.00161471,  0.04772475,  0.0931166 ,
       -0.01717588, -0.00759468, -0.05284762,  0.02723839,  0.0543884 ,
       -0.08258579, -0.01913456,  0.03976162, -0.06685943, -0.01804303,
        0.12427869, -0.02056402, -0.01313493,  0.06170824, -0.02655358,
        0.01175084, -0.00147426,  0.01457528, -0.02942539, -0.02830551,
       -0.03348001,  0.09386006, -0.02550617, -0.03979257,  0.06274794,
        0.01261472,  0.07821608,  0.01811499,  0.03495898, -0.02307493,
        0.09478139,  0.05527216,  0.05898521,  0.03131821,  0.06077748,
        0.00785785,  0.04014726,  0.07963928,  0.02652451,  0.07224587,
        0.0015412 , -0.05939479,  0.06754228,  0.04463305, -0.1013068 ,
       -0.10304   ,  0.03726419,  0.05374129,  0.09724791,  0.02900405,
        0.0272    ,  0.07800809,  0.06988666, -0.02428089, -0.01887485,
       -0.0066535 , -0.10107799,  0.01585847, -0.03191077, -0.07809537,
        0.01411354,  0.06414836, -0.06265057, -0.02062295, -0.01438231,
       -0.00015988,  0.0137072 ,  0.05576555, -0.03665643,  0.00518365,
       -0.07328683,  0.09494824,  0.02537723, -0.05710293,  0.07002935,
       -0.03025663,  0.00221467,  0.04338603, -0.04016872, -0.04442081,
        0.05064728,  0.00139578, -0.06903136, -0.02466615,  0.0677597 ]), array([[ 0.00106638,  0.0899933 , -0.01865738, ...,  0.08930453,
        -0.00843337,  0.03935199],
       [ 0.00942795, -0.0549766 , -0.06413621, ..., -0.0452424 ,
        -0.02282217,  0.14145125],
       [-0.07666856,  0.06605837, -0.11729683, ...,  0.06927736,
        -0.00954837, -0.03999585],
       ...,
       [ 0.01815227, -0.07820821,  0.13748402, ..., -0.0552985 ,
         0.05260818,  0.03124017],
       [ 0.08557787, -0.04531355, -0.08739391, ...,  0.06170491,
         0.08978334,  0.08694561],
       [-0.07096906,  0.02352438, -0.05050723, ...,  0.01163708,
         0.00666155, -0.02179099]]), array([ 0.07029896,  0.17492543,  0.00084736,  0.01380607, -0.02730684,
        0.01752109,  0.03434029, -0.02417975,  0.04806413, -0.02793743,
        0.01047984,  0.07825792,  0.15383934, -0.03494504, -0.09281621,
       -0.03474018,  0.12266029,  0.0479225 , -0.0645154 ,  0.10223895,
       -0.03513896,  0.05042615,  0.01369773, -0.01284963, -0.10879949,
       -0.15251156,  0.04225799,  0.00552621,  0.07918904, -0.06553418,
        0.07801771, -0.00049457,  0.09870719, -0.01536603,  0.00589633,
        0.01749481,  0.21852918,  0.00679472,  0.05764021,  0.12676266,
       -0.08174039,  0.039325  ,  0.18713277,  0.09814441,  0.05433776,
       -0.01221747, -0.0589791 ,  0.17628072, -0.05690892, -0.07978148,
       -0.08174715, -0.04417164,  0.10555142, -0.0691826 ,  0.07118276,
        0.02961548, -0.05416357, -0.0202566 ,  0.08331355,  0.09970822,
        0.11672162,  0.01959972,  0.08144779,  0.09339722, -0.00026576,
       -0.08651325,  0.08255234,  0.03091717,  0.07444846, -0.00403815,
       -0.07253786, -0.09507684, -0.09631899, -0.05926936, -0.07733644,
        0.15679443, -0.03146115,  0.02731467, -0.00325915, -0.07260365,
       -0.01850247,  0.22402023, -0.01467102,  0.12487807]), array([[-5.37092334e-02, -1.84019189e-02, -5.26959106e-03,
         7.20160156e-02,  7.08755029e-02,  4.69659082e-02,
        -5.36281592e-02,  2.47335391e-01, -1.34752344e-01,
        -1.11228203e-01,  8.01337280e-03,  1.38726045e-01,
         1.54968535e-01,  8.24463184e-02,  1.02383730e-01,
        -6.62814514e-03,  1.08054961e-01, -5.25532129e-02,
        -9.72694629e-02, -8.86642187e-02, -1.18286121e-02,
        -1.10516914e-01, -2.87560937e-02, -9.89813574e-02,
        -1.99898242e-02,  1.18403906e-01, -3.14687817e-02,
        -1.57920039e-01, -3.41615063e-02,  2.21990723e-02,
         4.09591602e-02,  1.43716846e-01,  1.74911230e-01,
        -1.65771367e-01,  6.71113818e-02,  2.21976660e-02,
         2.74048120e-02,  1.13654570e-01, -1.17453613e-02,
         1.98621406e-01,  4.44680469e-02,  1.39804238e-01,
        -4.70211328e-02, -1.27207041e-01,  6.55753809e-02,
         9.01474023e-02,  8.21888770e-02, -1.53741436e-01,
        -5.98870410e-02, -5.62656836e-02, -8.72445508e-02,
         1.93588906e-01,  6.83272412e-02, -1.21078555e-01,
        -4.30273584e-02,  9.49177832e-02, -7.04385645e-02,
        -2.24069805e-01,  1.90524670e-02, -2.65110937e-01,
         1.38230898e-01,  2.42645557e-02,  9.76108398e-02,
         1.63826484e-01, -1.17228887e-01,  4.91455322e-02,
        -2.51656445e-02,  5.86770605e-02,  1.41665247e-02,
         6.60967188e-02, -8.39816602e-02,  1.06710664e-01,
        -9.20479126e-03, -2.28308032e-02,  3.52049072e-02,
         1.21387520e-01,  1.38859746e-01, -1.66033828e-01,
         2.79550352e-01, -6.49607373e-02,  1.36930408e-02,
        -7.26732617e-02, -6.20550488e-02,  2.97539590e-01],
       [ 3.04159180e-01, -1.23233223e-01,  4.30173584e-02,
         6.78249512e-02,  4.75107080e-02,  1.03593730e-01,
        -3.99505371e-02,  8.80881445e-02, -1.01601934e-01,
        -6.91140332e-02,  2.95536523e-02,  1.48038857e-01,
        -1.67448926e-01,  5.28998730e-02,  7.54980835e-03,
        -2.55227393e-02,  1.20686680e-01,  8.07765527e-02,
         2.22062817e-02, -2.42739590e-01,  1.67604907e-02,
        -1.76744375e-01, -2.00086523e-01,  4.22424658e-02,
         8.40698633e-02,  1.76328320e-01,  1.77198027e-01,
         9.94987695e-02,  1.44609658e-01, -1.40223096e-02,
        -6.50727490e-02,  6.44946973e-02, -1.79676562e-01,
         1.34090313e-01,  1.90249008e-03, -7.85804590e-02,
        -8.13080713e-02,  8.87926953e-02, -1.24937871e-01,
        -6.59819531e-02,  4.17511932e-03, -1.11675977e-01,
        -2.60536289e-01, -1.02541973e-01,  1.62929844e-01,
         2.12331680e-01,  6.42558789e-02, -1.67873613e-01,
         2.06528320e-01,  1.04436934e-01, -3.38893701e-02,
         1.37187539e-01, -1.12435332e-01, -2.17681763e-02,
         4.99210645e-02,  1.02636396e-01, -9.71301953e-02,
         1.04600137e-01,  8.50045898e-02, -1.39107852e-01,
        -4.39920776e-03,  2.40038789e-01, -5.53816211e-02,
         1.71844570e-01, -3.51683740e-02,  2.99088208e-02,
        -7.60911230e-02, -1.05777783e-01,  1.85794849e-02,
         6.48944727e-02, -2.11118672e-01,  8.39879883e-02,
         2.60565957e-01, -1.56692578e-01, -3.50976753e-04,
        -9.20043750e-02, -2.08384106e-02, -2.02006816e-01,
        -9.79923242e-02,  4.42115576e-02, -8.33660352e-02,
        -6.83353809e-02, -1.26759595e-02, -1.50499551e-01],
       [-6.29885864e-03,  1.86008711e-01, -1.33282500e-01,
         4.27385330e-06,  1.73631797e-01, -1.06029570e-01,
        -7.25898730e-02,  1.00707461e-01, -9.93500586e-02,
        -2.92879883e-02,  1.01210293e-01, -6.40035889e-02,
         4.25974023e-02,  5.09313428e-02,  9.22559082e-02,
         7.84703857e-02, -5.90589233e-03,  1.11657715e-02,
        -2.01711511e-02,  2.25622520e-01,  1.05152461e-01,
         1.13096621e-01, -1.71811328e-01,  2.68175098e-02,
        -2.98869434e-02,  1.09597832e-01,  3.80818457e-02,
        -1.15704043e-01, -1.00549873e-01, -5.57670020e-02,
         4.83555908e-02,  5.74783887e-02, -2.80701752e-03,
         6.55232861e-02,  1.04509004e-01, -7.93389062e-02,
         2.63340977e-01,  4.45969824e-02,  1.58834785e-01,
        -6.67437695e-02,  4.17498047e-02, -6.52956836e-02,
         1.13575996e-01, -9.06888086e-02,  1.73761304e-02,
        -1.64077227e-01, -4.23416113e-02,  1.22808896e-01,
         1.55050610e-02,  4.20291321e-03,  1.22745483e-02,
        -1.26021318e-01,  2.53459000e-03, -6.38999512e-02,
         1.58824766e-01,  2.04363025e-02, -2.15004785e-02,
        -1.43307158e-01, -8.19527161e-03, -8.83917969e-02,
        -5.01109180e-02,  3.55032178e-02, -7.44987610e-03,
        -1.80435583e-02,  1.13464941e-01,  4.93057373e-02,
         2.38791943e-02, -8.42418750e-02, -4.95581299e-02,
        -4.09275146e-02, -1.07377187e-01, -8.30863672e-02,
        -6.71367432e-02, -1.72863945e-01, -8.05179395e-02,
         3.15191797e-01, -4.42587793e-02, -4.92977295e-02,
         7.40940332e-02, -1.10946543e-01,  1.09331641e-01,
         1.95712109e-01, -8.33727539e-02,  2.31012930e-01],
       [-9.76253516e-02,  1.29713408e-01,  8.18486133e-02,
        -8.68582129e-02, -1.48363750e-01,  7.94155566e-02,
        -2.10512988e-02, -1.02544941e-01,  1.76841465e-01,
         1.23622207e-01,  5.88362549e-03, -1.24060107e-01,
         7.34196143e-02,  6.29830859e-02,  4.07343213e-02,
         3.90126294e-02, -5.92577344e-02, -1.74994141e-01,
        -4.96250195e-02,  1.66280781e-01,  2.41517627e-02,
         8.46816211e-02,  9.49497754e-02,  1.30613074e-02,
         1.05617256e-01, -1.59643926e-01, -3.04533105e-02,
         2.20695581e-02, -2.62556689e-02,  8.27282031e-02,
         9.24020117e-02,  4.36266895e-02, -2.06255542e-02,
        -3.09665466e-03,  1.48625562e-02, -2.13069351e-03,
         4.25858643e-02, -1.21040308e-02,  1.16677515e-02,
        -3.49974341e-02,  8.96924023e-02, -1.08056934e-02,
        -1.00375967e-01, -1.01007111e-03,  3.62114575e-02,
         1.22777832e-02,  8.64495703e-02,  8.18295703e-02,
        -1.97969873e-02,  6.23092920e-02, -4.85274072e-02,
        -1.05231387e-01, -1.34245791e-01,  1.27469629e-01,
         9.67690234e-02, -1.74336279e-02,  2.56258521e-02,
         2.19186035e-02,  1.15462490e-01,  7.41065771e-02,
         1.76099824e-01,  1.13664453e-01,  4.11846582e-02,
        -1.78460078e-01, -5.35774854e-02,  9.82368555e-02,
        -1.26331519e-02,  2.72448901e-02,  1.74545923e-02,
        -2.82805396e-02,  6.87868530e-03,  1.55676416e-02,
        -9.43973926e-02, -1.07506055e-01,  4.91254346e-02,
        -1.05816465e-01, -7.82623291e-02,  1.08032422e-01,
        -3.86616138e-02,  2.40897644e-03,  1.27541040e-02,
        -1.77440977e-01,  5.93108545e-02, -1.04152090e-01],
       [ 1.15435654e-01, -6.33232666e-02, -4.41893555e-02,
         3.93196338e-02,  2.24099634e-02, -1.20400238e-03,
         1.07071582e-01, -7.17792578e-02, -1.62414141e-01,
         1.36214961e-01, -6.96708496e-02, -1.10471172e-01,
         2.04854512e-01, -1.09912705e-01,  7.44265527e-02,
         3.71062817e-02, -5.98468628e-03,  1.48675752e-01,
         8.06358154e-02,  2.26021631e-02, -1.81857239e-03,
        -2.00948789e-01, -4.78808008e-02,  1.00882874e-02,
        -9.32773438e-03, -1.48125693e-01, -4.50830176e-02,
        -8.78383606e-03,  7.81573047e-02,  4.28587012e-02,
        -4.08643164e-02, -1.39539902e-01,  1.13939375e-01,
        -2.06522290e-02, -6.92649609e-02, -2.23225439e-02,
         2.07946406e-01,  6.66208740e-02, -4.29116260e-02,
        -9.91267212e-03, -9.05375977e-02, -3.82329736e-02,
         2.57207891e-01,  4.16877979e-02, -6.65947217e-02,
         1.98115210e-02,  5.40799316e-02,  2.11611172e-01,
        -2.10324121e-01,  9.04795605e-02,  1.82339771e-02,
        -5.61429883e-02, -8.80979980e-02, -2.80472168e-02,
        -6.78452393e-02, -8.25932422e-02,  1.43298437e-02,
        -1.47224707e-01,  2.55653662e-02,  1.45885146e-01,
        -6.04805225e-02,  3.01783594e-02,  1.52068672e-01,
         1.08415049e-01, -5.55273926e-02,  4.84155566e-02,
         1.05648457e-01,  1.18916523e-01,  9.77493750e-02,
         2.40106421e-02, -8.42240723e-02, -9.74710742e-02,
        -1.06594434e-01, -2.23240112e-02,  2.24001538e-02,
         2.29075586e-01,  5.80091602e-02, -1.29835803e-02,
        -1.16493281e-01, -2.30663471e-04, -1.24356406e-01,
         1.84464844e-01,  5.59572754e-02,  2.81844092e-02],
       [-1.66949766e-01, -1.72245581e-02,  3.53252075e-02,
        -7.92008643e-02,  2.49120654e-02, -1.42903320e-01,
        -2.60498291e-03, -2.15865547e-01,  1.63758613e-01,
         1.10151582e-01, -4.99369568e-03, -1.12033028e-03,
         1.27529961e-01, -5.17301514e-03,  9.27751563e-02,
         7.96459277e-02, -1.28521143e-01, -1.57611055e-01,
        -5.42404846e-03,  2.52031055e-01, -3.40275488e-02,
        -2.61639551e-02,  8.93548730e-02, -3.16559888e-02,
         1.74331152e-01, -3.92902832e-02, -1.03314785e-01,
        -7.84806250e-02, -5.73851318e-02,  5.11009961e-02,
        -3.93962134e-02, -1.72252852e-01,  9.58197449e-03,
         1.45217969e-01,  9.65768164e-02,  6.28844678e-02,
         4.25757471e-02,  2.30415747e-02, -1.02207520e-02,
        -8.20779590e-02,  9.82803516e-02, -1.44541719e-01,
        -7.48130518e-02, -1.18011680e-01, -1.47390449e-01,
        -3.75804541e-02,  5.42950879e-02, -4.44607910e-02,
         8.17785352e-02,  9.95231836e-02,  1.11560137e-01,
        -1.57137964e-02, -1.66925635e-02, -4.00636719e-02,
        -7.16975250e-04, -5.82458105e-02,  4.71578320e-02,
         3.15144092e-02, -1.69410675e-03, -4.58873145e-02,
        -7.86690527e-02, -4.48125293e-02, -7.12018164e-02,
        -2.11933105e-01, -1.20073018e-01,  5.78090723e-02,
         2.53078979e-02, -1.03976934e-01, -6.45337988e-02,
         1.11499717e-01,  8.50638281e-02, -7.05150732e-02,
         4.91900085e-03, -7.98780322e-02, -1.58788123e-02,
         1.07079111e-01, -8.85297070e-02,  2.81592852e-01,
         7.90068750e-02, -5.03350098e-02,  1.92168516e-01,
        -1.15484375e-01, -3.03240283e-02, -2.19165879e-01],
       [-1.16714541e-01,  7.87290186e-02, -1.29999619e-01,
        -2.66289697e-02, -1.59210020e-01, -4.23738831e-03,
         2.42188672e-02, -2.08138242e-01,  1.63486152e-01,
        -3.09346436e-02,  8.81419531e-02,  4.36919775e-02,
         4.95855908e-02, -4.62738574e-02,  5.45995508e-02,
         6.23037695e-02, -1.70064980e-01,  1.19605371e-01,
        -7.69819873e-02,  1.47762756e-02, -4.00363501e-02,
         1.66115098e-01, -4.63116699e-02, -1.02316758e-01,
        -1.49733477e-01, -1.80397500e-01, -3.07382861e-02,
         3.08445195e-01,  8.92963135e-03, -7.52850586e-03,
        -9.99307031e-02,  1.76109688e-01,  5.30336426e-02,
        -6.32738220e-03, -9.92640625e-02,  9.19816602e-02,
         3.63970184e-04, -1.61046660e-01, -1.25820840e-01,
         2.59665918e-02, -3.72808228e-02, -1.74462734e-01,
         1.34216738e-01,  5.65305273e-02, -6.49415137e-02,
        -7.84677441e-02, -1.31271475e-01, -5.42073535e-02,
         1.22500957e-01, -1.14069104e-02,  1.39355527e-01,
        -2.74706484e-01, -1.02987656e-01, -1.96639570e-01,
        -8.24290723e-02,  8.29966992e-02, -1.20137402e-01,
         1.46555215e-01,  2.44065674e-02,  7.63318066e-02,
         7.50606396e-02, -5.32235107e-03,  6.12034082e-02,
         2.06212266e-01, -3.84100635e-02, -1.29064197e-02,
         5.81993262e-02,  2.04782422e-01, -6.60024121e-02,
        -1.49964893e-01,  3.55444092e-02, -4.64031543e-02,
         1.87429023e-01, -1.81838047e-01, -2.25325977e-02,
        -1.24641582e-01, -1.17829053e-01,  1.12606387e-01,
         1.72441934e-01,  3.47834424e-02, -2.43394004e-01,
         2.66765859e-01, -1.05883096e-01,  1.34577500e-01],
       [-1.18737773e-01, -2.16456641e-01, -1.27139561e-01,
        -7.76254443e-02,  1.23433765e-02,  9.72638062e-03,
         6.60433887e-02,  1.74229746e-01, -8.84332812e-02,
        -5.10712012e-02,  5.82778711e-02, -3.72904687e-02,
         1.94692910e-01,  5.99222314e-02, -6.43779395e-02,
         1.00951719e-01, -1.37712363e-01,  6.48348535e-02,
         3.14504688e-02, -5.20022070e-02, -2.76341064e-02,
        -7.97942188e-02, -5.99706543e-02,  3.64149780e-03,
        -1.20970469e-01,  2.50481211e-01,  1.16073984e-01,
        -6.14311084e-02, -1.90622793e-01, -1.84302271e-02,
        -3.87924658e-02, -2.54421016e-01, -2.07813281e-01,
        -4.52689453e-02, -3.06476587e-02, -7.42730029e-02,
        -2.49010820e-01,  7.80748535e-02,  1.10770713e-01,
        -3.10489807e-03,  5.54918750e-02,  1.70193086e-01,
         1.55333721e-01, -1.06596074e-01, -1.19305586e-01,
        -3.44930859e-02,  2.59759888e-02,  3.91171533e-02,
         5.02441504e-02,  2.72883545e-02, -2.32546143e-02,
         7.28927246e-02,  8.87284570e-02,  1.07299980e-01,
        -2.80380469e-01,  5.26650879e-02,  1.37048750e-01,
        -1.58977305e-01,  1.08215894e-02,  2.28712930e-01,
        -2.45449766e-01, -1.91886172e-01, -5.89091699e-02,
         4.18870850e-02,  5.04466919e-03, -1.39809546e-02,
         8.53713086e-02,  1.21866230e-01, -7.28648975e-02,
         1.14832891e-01,  1.34117305e-01,  3.19000488e-02,
        -1.44581523e-01,  1.82176660e-01, -3.24720508e-02,
        -1.23805801e-01,  4.22229297e-02,  2.75751992e-01,
        -1.35255791e-01,  5.02242871e-02,  1.81748281e-01,
        -2.56828644e-03, -7.48738086e-02, -2.65371406e-01],
       [ 3.02468188e-02,  2.30858164e-01,  1.84774219e-01,
         5.73713574e-02,  7.98618262e-02, -3.28299634e-02,
         2.30560938e-01, -1.47668457e-01, -4.91919336e-02,
         2.70240674e-02,  5.23769434e-02,  9.93213184e-02,
        -1.56380039e-01, -9.33606445e-02,  2.17546289e-02,
         7.57724316e-02,  2.20199414e-01, -9.79691797e-02,
         1.00458906e-01, -2.45077773e-01,  7.29141504e-02,
        -2.61558008e-02,  3.03354043e-01, -4.21052832e-02,
        -1.27128281e-01, -4.24851270e-02,  1.93714648e-01,
        -1.08834551e-01, -8.53756152e-02,  8.86066797e-02,
         2.96474023e-02, -1.22770547e-01,  1.25251543e-01,
        -1.45955000e-01, -6.05153809e-02, -9.10698828e-02,
        -1.60975527e-01,  2.15446802e-02, -1.02146918e-02,
         1.58452070e-01, -5.27862695e-02,  1.42153438e-01,
        -1.33563945e-01,  3.22729531e-01,  2.48516992e-01,
        -1.92988516e-01,  9.94786133e-02, -2.89612610e-03,
         8.36909424e-03,  1.10967822e-01,  6.34431738e-02,
         5.38603320e-02,  2.40216230e-01, -6.19157715e-02,
         2.23183691e-01, -7.29148340e-02,  6.65247864e-03,
         1.42990020e-01,  1.14436902e-02, -1.37584844e-01,
         2.36172344e-01, -8.51270508e-02, -2.04839258e-01,
        -1.33015586e-01,  2.25879922e-01,  4.00920752e-02,
         4.74656934e-02, -1.43444160e-01,  4.19011523e-02,
         1.08182490e-01,  5.94827344e-02, -6.26617529e-02,
        -9.24412500e-02,  1.30334668e-01,  2.94500195e-02,
         3.13467041e-02,  4.43248340e-02, -4.00613945e-01,
        -1.95138262e-01,  1.63954004e-02,  7.52179492e-02,
        -1.03476113e-01,  7.03793652e-02,  8.95159766e-02],
       [ 1.25735098e-01, -6.83943359e-02,  1.62918481e-02,
        -8.33537695e-02,  1.44439121e-01,  1.85298594e-01,
        -9.91297559e-02,  1.96213398e-01, -8.36695801e-02,
        -9.90974219e-02,  6.44312891e-02,  3.75430566e-02,
        -2.76632266e-01, -3.99303003e-02,  7.16342969e-02,
        -4.38789355e-02,  1.79599980e-01,  5.71202637e-02,
         8.50107031e-02, -2.03566191e-01,  4.17045264e-02,
         1.91116836e-01,  1.80620859e-01, -9.31379004e-02,
         1.15425137e-01,  1.63868652e-01, -1.16302070e-01,
        -6.52752832e-02,  4.96054541e-02, -3.25821777e-02,
        -8.93048535e-02,  1.20698145e-01, -2.24099141e-01,
         9.36195508e-02, -2.02198193e-02,  1.04359658e-01,
        -1.95469453e-01,  1.00874005e-02,  2.64660303e-02,
        -1.09145723e-01,  4.74145215e-02,  1.85903555e-01,
        -5.11614746e-02, -1.70113555e-01, -1.87767432e-02,
         1.84903691e-01, -2.74841968e-02, -1.12087305e-01,
         1.36635742e-01, -7.26546631e-02, -4.82045801e-02,
         1.40889307e-01, -2.06977070e-01, -7.67252930e-02,
        -1.03384189e-01,  1.15222144e-02,  6.35723437e-02,
         2.09095898e-01, -3.32854028e-02, -4.00473486e-02,
        -2.62880312e-01,  1.87994414e-01, -1.64926807e-02,
        -1.18356289e-01, -3.43182373e-02,  7.56864844e-02,
         6.22777197e-02, -1.44694453e-01, -1.23056992e-01,
        -1.05590879e-01,  1.35148789e-01,  2.31890771e-02,
        -5.26435303e-02,  9.80045020e-02, -7.07843262e-02,
        -1.47146182e-01,  8.03121765e-03, -1.44924307e-01,
        -1.47426719e-01, -8.38297363e-02, -4.07653467e-02,
        -1.13787793e-01, -8.39643750e-02, -6.80294824e-02]]), array([-0.00459146, -0.19655494,  0.21347695, -0.04773013,  0.29165111,
       -0.17346965,  0.09826643, -0.2055523 ,  0.12262352, -0.26236385])], 1), ([array([[[[-0.02400006, -0.07122623, -0.03565687,  0.00408049,
           0.14694529],
         [-0.00051421, -0.05625802, -0.09973331,  0.05368342,
           0.17094191],
         [-0.02240011, -0.03204328,  0.03792635,  0.02861275,
           0.16602211],
         [ 0.02714393, -0.17220754, -0.04172279, -0.0038742 ,
          -0.04544628],
         [-0.11770178, -0.12368514, -0.1146074 , -0.00075355,
          -0.03635667]],

        [[-0.11887274, -0.12527191, -0.06303561, -0.13188477,
          -0.01822371],
         [ 0.02026902, -0.10708347, -0.23090734, -0.10333116,
          -0.10821256],
         [-0.04655533, -0.03143937, -0.09750931, -0.12881078,
          -0.17954432],
         [-0.06751016, -0.12571269, -0.1268184 , -0.13574741,
           0.05220932],
         [-0.24520018, -0.25455162, -0.18872477, -0.09941031,
          -0.02483292]],

        [[ 0.09062607, -0.1232557 , -0.10175133, -0.07495338,
          -0.04707561],
         [ 0.10297078, -0.10183934,  0.03974199,  0.08265492,
          -0.05233187],
         [-0.11479781, -0.03187393,  0.0209357 , -0.08069677,
           0.14802445],
         [ 0.00909946, -0.14090008, -0.08277068,  0.03134786,
           0.06713571],
         [-0.02025183, -0.10602641,  0.06749618,  0.06269564,
           0.18423646]]],


       [[[-0.05813777, -0.03843374,  0.11223806,  0.07778235,
           0.09178632],
         [ 0.07972326,  0.00304793,  0.1324682 ,  0.03985729,
           0.06339404],
         [ 0.10679507,  0.10346359,  0.06030052,  0.16569832,
           0.15029646],
         [ 0.13551759,  0.04126981,  0.03598088,  0.10568354,
           0.08454092],
         [ 0.07157412,  0.06114776,  0.12177138,  0.14324206,
           0.10951053]],

        [[-0.09697357,  0.01221449, -0.00680957, -0.07019089,
          -0.05607199],
         [-0.0766619 ,  0.07406549,  0.03222898,  0.11292783,
          -0.09788223],
         [-0.01016799, -0.07097771, -0.0341969 , -0.03024084,
           0.03198782],
         [-0.10200799, -0.09038029,  0.05712487,  0.00744431,
           0.0370424 ],
         [-0.12485985, -0.0582506 , -0.10766382, -0.1459341 ,
          -0.02135948]],

        [[-0.01276776,  0.02900736,  0.10064638, -0.01235519,
           0.09569257],
         [ 0.13190037,  0.13332604,  0.15693713,  0.05238418,
           0.09269334],
         [-0.02851827,  0.07801282,  0.16455572,  0.02206521,
           0.02272581],
         [ 0.13364605,  0.14880701,  0.15617236,  0.09974141,
           0.01611351],
         [ 0.08135859,  0.04782752,  0.0897607 ,  0.08069875,
           0.0772918 ]]],


       [[[ 0.13486949,  0.07511612,  0.25401809,  0.0151616 ,
           0.14329449],
         [ 0.15721189,  0.45909047,  0.49036289,  0.26573057,
           0.19703336],
         [ 0.10770543,  0.01259406,  0.03228256,  0.1209589 ,
          -0.12865477],
         [-0.22378984, -0.31317355, -0.35594289, -0.34320148,
          -0.25199434],
         [-0.03291865, -0.09115484, -0.08134469, -0.15999115,
          -0.06299899]],

        [[ 0.09586432, -0.08026017, -0.05860485,  0.0806632 ,
          -0.02432665],
         [ 0.14696186,  0.2387616 ,  0.12416857,  0.1513973 ,
           0.16129716],
         [-0.11518453,  0.06383698, -0.12416111, -0.03591297,
          -0.04569571],
         [-0.23585375, -0.34789445, -0.32675012, -0.25264578,
          -0.28524537],
         [ 0.04263888,  0.07833509, -0.11533989, -0.04752077,
           0.08143524]],

        [[-0.14910184, -0.04357837, -0.02418483, -0.06987177,
           0.02838638],
         [ 0.02947998,  0.13378487,  0.23842045,  0.21510992,
           0.10155615],
         [ 0.04968403,  0.0036675 , -0.09818711, -0.08425402,
          -0.13498365],
         [-0.1181715 , -0.0691191 , -0.19898428, -0.17030434,
          -0.10617296],
         [ 0.19253207,  0.1217316 ,  0.15820258,  0.11577588,
           0.24461994]]],


       [[[ 0.14766403,  0.24952937,  0.0779327 ,  0.05524793,
           0.05699027],
         [ 0.13083029,  0.11370975,  0.11854498, -0.08592081,
          -0.08959307],
         [ 0.07682667,  0.15373875,  0.16163619, -0.15952951,
          -0.02673126],
         [ 0.09411047, -0.00610335,  0.10907145, -0.05943607,
          -0.12826383],
         [ 0.04021349,  0.10850945, -0.07978031, -0.02728625,
          -0.16220061]],

        [[-0.00125823,  0.03076762, -0.01839157, -0.27720527,
          -0.25120127],
         [-0.02394023,  0.13464887,  0.01456855, -0.22726379,
          -0.20854695],
         [ 0.09496916,  0.1028873 , -0.01395757, -0.31989191,
          -0.31394373],
         [ 0.0483178 ,  0.12812783,  0.00712987, -0.18988227,
          -0.27694955],
         [ 0.01602329, -0.01266036,  0.04234587, -0.13226885,
          -0.06514003]],

        [[ 0.07163344,  0.18562391, -0.06626   , -0.16401164,
          -0.16185375],
         [ 0.06714603,  0.24772184,  0.04416056, -0.25960656,
          -0.13882735],
         [ 0.13133039,  0.16924023,  0.09291443, -0.10495582,
          -0.11926161],
         [ 0.03274682,  0.21761477,  0.16428803, -0.1590502 ,
           0.01627985],
         [ 0.07922232,  0.16255529, -0.00785168,  0.06079915,
           0.01464367]]],


       [[[ 0.03809235, -0.01498314, -0.09622275, -0.0296654 ,
           0.1531683 ],
         [-0.10867642, -0.06041218, -0.26381305,  0.13068863,
           0.23310682],
         [-0.07801144, -0.29569432,  0.01953908,  0.16729775,
           0.00776022],
         [-0.17851746, -0.39169914,  0.22608273,  0.22970105,
          -0.17353188],
         [-0.22064902, -0.18997529,  0.21161725,  0.01344836,
          -0.12235247]],

        [[ 0.05323604, -0.09088622, -0.1900184 ,  0.07324324,
           0.12665398],
         [ 0.02561847,  0.00851146, -0.14792448,  0.00992076,
           0.07675481],
         [ 0.02141503, -0.16659879,  0.10853042,  0.09099992,
           0.11700678],
         [-0.1171992 , -0.10026682,  0.26320437,  0.32302637,
          -0.16090398],
         [ 0.00168057, -0.1549201 ,  0.30930398,  0.11874625,
          -0.0124837 ]],

        [[-0.11527098, -0.06791233, -0.04492117, -0.07658821,
           0.04511386],
         [-0.03174445, -0.01419593, -0.08933768,  0.0417687 ,
           0.26822395],
         [-0.02069446, -0.20766699, -0.01870722,  0.18787354,
           0.06057668],
         [-0.19960254, -0.28232418,  0.17258594,  0.22381844,
          -0.08312322],
         [-0.02964821, -0.26255922,  0.25378699,  0.20708775,
          -0.17839891]]],


       [[[-0.18805941, -0.13871231, -0.17305363, -0.14130476,
           0.0085465 ],
         [-0.20834613, -0.13807938, -0.19689813, -0.08446088,
          -0.26754492],
         [-0.24928582, -0.13801673, -0.17068773, -0.19981098,
          -0.13823244],
         [-0.07510373, -0.05587916, -0.08626801, -0.02347572,
          -0.15636008],
         [-0.20279295,  0.04571646, -0.10976935, -0.03854852,
          -0.04491491]],

        [[ 0.06698481,  0.09638308, -0.02601772,  0.12082859,
           0.11655251],
         [-0.06884687, -0.03072144,  0.05352388,  0.1040033 ,
           0.07262279],
         [-0.00761847,  0.04636255,  0.14816218,  0.10878392,
           0.02177056],
         [-0.02455524, -0.04760886,  0.10615607,  0.10742994,
           0.03060025],
         [ 0.02946458, -0.0229008 , -0.07542507, -0.01486775,
          -0.10800941]],

        [[ 0.0165205 ,  0.01889288,  0.26163168,  0.09685971,
           0.12588338],
         [ 0.15964326,  0.10120986,  0.07311882,  0.10014274,
           0.18463309],
         [ 0.0842112 ,  0.15043791,  0.05610526,  0.18536012,
           0.19547832],
         [ 0.14301213,  0.05684747,  0.10230529,  0.13509725,
           0.18104797],
         [ 0.14987309, -0.00858244,  0.17347955, -0.01950922,
          -0.06547533]]]]), array([ 0.14972329,  0.27800844, -0.15367407, -0.05520916,  0.43492824,
        0.53310133]), array([[[[-1.03617029e-02,  2.16754102e-02,  2.93048047e-02,
           4.15016785e-03,  4.75852441e-02],
         [-3.01629785e-02,  4.70980273e-02,  2.91427155e-03,
           2.79696777e-02,  2.07712793e-02],
         [-1.75698718e-02, -4.94489551e-02, -5.83272119e-02,
           1.79990540e-02,  8.21100098e-02],
         [-7.31803711e-03, -8.45290820e-02, -3.92519971e-02,
          -2.94662378e-02, -1.52741943e-03],
         [-1.67832031e-01, -1.26057031e-01, -9.78941602e-02,
           1.00847241e-02,  2.47361938e-02]],

        [[-5.02208435e-03, -7.44758398e-02, -1.05776416e-01,
          -3.63202319e-02, -8.44111719e-02],
         [-2.50067822e-02,  1.72310828e-02, -7.75987891e-02,
          -8.25047852e-03, -9.65829785e-02],
         [-3.19987366e-03, -7.04715771e-02,  4.97179395e-02,
           9.61587280e-03, -9.00242383e-02],
         [-3.38740845e-02,  1.91219897e-02,  7.51243213e-02,
          -3.71034033e-02, -4.70705322e-02],
         [-1.17115356e-02,  1.00830332e-01, -7.76305420e-03,
          -4.03241748e-02,  3.81243701e-02]],

        [[ 1.78423047e-01,  1.69231445e-01,  1.59858369e-01,
           1.81305508e-01,  5.55392188e-02],
         [ 3.40619214e-02, -5.40801367e-02,  2.12191626e-02,
           9.55540820e-02,  8.51724414e-02],
         [ 2.02483047e-01,  2.04986484e-01,  2.62826465e-01,
           1.49613164e-01,  1.91571562e-01],
         [ 1.61510879e-01,  1.29657568e-01,  6.67924219e-02,
           9.50467969e-02,  9.21192969e-02],
         [ 1.50975723e-01,  1.75472012e-01,  1.36000957e-01,
           1.53125303e-01, -1.46982617e-02]],

        [[-7.32647754e-02, -2.16885547e-02, -1.15316807e-01,
          -1.12863171e-02, -1.70363232e-02],
         [ 4.40217255e-03, -1.41335723e-01, -1.77595627e-03,
          -1.34462803e-01, -5.21292090e-02],
         [-1.20199634e-02, -1.03364687e-01, -7.89450867e-03,
          -1.37321992e-01, -1.21061108e-02],
         [-1.10108838e-01, -5.73087402e-02, -5.94537891e-02,
          -5.45864062e-02,  5.61903503e-03],
         [ 3.34335937e-02, -8.40594727e-02, -1.21427559e-01,
          -1.66916836e-01, -4.86273828e-02]],

        [[ 7.06073682e-02,  6.52980176e-02,  3.32705249e-02,
           6.77375586e-02,  4.53395361e-02],
         [ 2.06988477e-02,  7.48127637e-02,  1.10732402e-01,
          -6.85553564e-02,  3.08505371e-02],
         [ 1.49356177e-02, -1.78833580e-05, -5.68991748e-02,
           5.61753809e-02, -8.68167969e-02],
         [ 2.49961987e-02,  6.43420801e-02,  8.72914185e-03,
          -4.40062793e-02,  9.79622070e-02],
         [-2.66039844e-02, -1.04109785e-01,  3.80154443e-02,
          -1.73490894e-02,  7.70076563e-02]],

        [[-5.96308398e-02,  3.18822339e-02,  2.86081128e-02,
           4.99744336e-02,  6.53906006e-02],
         [ 4.09249219e-02,  2.03552734e-02,  5.24540723e-02,
           7.67131738e-02,  3.73322693e-03],
         [-3.87095154e-03,  1.30832532e-02, -2.74989551e-02,
          -4.30345215e-02, -1.82789026e-02],
         [-6.11251855e-02,  5.71163232e-02,  4.53407373e-02,
           3.37598340e-02,  4.85652637e-02],
         [ 6.29680322e-02, -6.51047314e-02,  4.64795410e-02,
          -1.17440137e-02, -7.96073730e-02]]],


       [[[ 2.41408447e-02, -2.64286450e-02,  2.61285986e-02,
           8.00812207e-02,  1.13260820e-01],
         [ 2.98341797e-02,  4.86174707e-02, -2.82925049e-02,
           1.36269277e-01,  1.54099133e-02],
         [-4.08106781e-03, -4.71163721e-02,  2.02389014e-02,
           1.17533066e-01,  7.23889941e-02],
         [-1.06953184e-01, -1.98360291e-02,  1.06339569e-03,
           9.76685938e-02,  3.46622998e-02],
         [-1.59894736e-01, -8.26846582e-02, -5.53507910e-02,
          -8.78004785e-02,  6.83017456e-03]],

        [[-2.83035303e-02, -3.92174927e-02, -1.08266211e-01,
           9.85598267e-03, -8.91206055e-02],
         [-4.32977539e-02, -8.87675171e-03, -3.03628711e-02,
          -6.53604492e-03, -3.51540894e-02],
         [ 1.77009326e-02, -4.18381055e-02,  4.63106836e-02,
           3.11668408e-02, -4.82307861e-02],
         [ 5.62798218e-03,  7.24165625e-02,  9.15589844e-02,
           4.93515723e-02, -7.49903418e-02],
         [ 9.39085059e-02,  6.47449463e-02,  4.86623047e-02,
          -2.34847803e-02, -2.10241260e-02]],

        [[ 1.00554580e-01,  6.72792285e-02,  7.10516113e-02,
          -2.96159375e-02,  4.53008398e-02],
         [-4.28658984e-02,  3.21550391e-02, -7.04385449e-02,
          -8.70704785e-02,  6.00344434e-02],
         [ 1.25700039e-01,  1.40672773e-01,  7.35212695e-02,
          -4.74590527e-02,  7.95347803e-02],
         [ 5.63256250e-02,  2.27451636e-02,  3.41688623e-02,
          -5.92051953e-02,  3.53577588e-02],
         [ 7.94237122e-03,  8.28085937e-03,  4.17313330e-02,
          -1.03568481e-02, -4.07605396e-02]],

        [[-7.40766504e-02, -2.77120996e-02,  4.97372168e-02,
           3.77957733e-03, -1.71741931e-02],
         [ 3.80040259e-02,  3.69986499e-02,  1.09907544e-02,
           3.39455566e-02,  3.20150439e-02],
         [-4.21956934e-02,  7.18653027e-02,  1.50663848e-01,
           2.92102368e-02, -4.88954932e-02],
         [-9.71291504e-02, -5.71001172e-02,  2.97104834e-02,
           2.08460132e-02,  4.28427696e-04],
         [-2.16370337e-02,  2.35792187e-02,  1.25076973e-01,
           1.99063513e-02,  2.38569775e-02]],

        [[-3.10538599e-02, -3.61698494e-04, -9.62066602e-02,
           7.39235205e-02,  1.24899048e-02],
         [ 8.83332422e-02,  1.97967200e-02, -9.92609277e-02,
          -3.36905078e-02, -3.35058936e-02],
         [ 4.93805762e-02, -6.83596631e-02,  3.32762793e-02,
           5.34103711e-02,  1.74587769e-02],
         [ 1.03512512e-02, -3.40516754e-03, -8.26662500e-02,
          -4.72076611e-02,  5.27891052e-03],
         [-6.18857324e-02, -8.77167578e-02, -8.01180078e-02,
          -1.21429287e-01,  9.12601685e-03]],

        [[-4.04678809e-02,  1.73829114e-02,  2.41565967e-02,
           3.27798633e-02, -1.18205103e-02],
         [-2.32697534e-02,  6.01937012e-02, -2.94307959e-02,
          -4.70566211e-02, -2.28379102e-02],
         [ 7.33730078e-02, -2.53457443e-03, -1.82429443e-02,
          -5.69212500e-02, -8.54921875e-02],
         [-1.46848853e-02,  5.91637402e-02, -3.51644928e-03,
           2.25202979e-02,  8.33046289e-02],
         [-4.66113953e-03,  9.79277710e-03, -4.04070093e-02,
           4.42277246e-02, -3.72304932e-03]]],


       [[[ 1.97294043e-02,  4.01182397e-02,  1.36367957e-02,
           5.91824316e-02,  3.95241064e-02],
         [ 1.14286738e-01,  1.44108984e-01,  1.32148574e-01,
           6.67225195e-02,  8.99013379e-02],
         [ 1.44638174e-01, -1.52264050e-02,  6.67594629e-02,
           1.23161523e-02, -2.41637476e-02],
         [ 2.50333813e-02, -9.36547180e-03, -7.75887695e-02,
           1.89357959e-02,  9.94150848e-04],
         [-1.01804419e-02, -3.02662402e-02, -1.23450508e-01,
          -1.40577998e-01, -1.13242598e-01]],

        [[ 8.03575732e-02, -3.33867993e-02,  2.12364160e-02,
          -6.60570801e-02,  3.52532178e-02],
         [ 3.72159229e-02, -3.12182324e-02, -1.29772588e-01,
          -6.74484473e-02,  1.04922031e-01],
         [-6.79585449e-02, -1.45631982e-02,  1.34949976e-02,
          -5.94836816e-02,  4.84974976e-03],
         [ 9.73250781e-02,  6.68288281e-02,  2.69733008e-02,
           1.10761582e-01,  1.65571445e-01],
         [ 1.93114539e-02,  3.27156348e-02,  1.44634980e-01,
           1.75928711e-01,  1.20201533e-01]],

        [[-2.69347290e-02,  5.18784082e-02,  8.69488281e-02,
           3.56775940e-03, -5.75444141e-02],
         [-3.42787671e-02, -3.28080664e-02,  4.77437354e-02,
           4.35638867e-02,  6.77152148e-02],
         [ 1.00494879e-02,  4.75755371e-02, -3.93180359e-03,
           7.61539258e-02,  1.06461152e-01],
         [-4.15998242e-02,  4.79000195e-02,  1.08808164e-01,
           5.97045312e-02,  4.27761963e-02],
         [-9.54578711e-02,  3.50141211e-02, -2.42398291e-02,
           6.18866650e-02,  3.57716138e-02]],

        [[ 9.43648242e-02,  6.29976563e-02,  3.62444360e-02,
          -2.50410937e-02, -2.13336084e-02],
         [ 9.00716211e-02,  1.08463242e-01, -8.20651172e-02,
          -8.68233203e-02, -1.02163164e-01],
         [ 1.29715430e-01,  2.64603369e-02,  6.40559277e-02,
          -6.17010156e-02, -5.08140918e-02],
         [ 7.28161865e-03, -1.79135706e-02,  1.63858179e-02,
           2.62198022e-02,  5.49072168e-02],
         [-2.98665918e-02, -2.71078857e-02, -1.00195337e-02,
           1.26214902e-01,  9.05461523e-02]],

        [[-1.13470488e-01, -9.27308398e-02, -1.00172285e-01,
          -3.83562817e-02,  4.76340039e-02],
         [-5.27971631e-02, -1.69110137e-01, -7.35462305e-02,
          -5.90658984e-02, -2.92325098e-02],
         [-1.36831250e-01, -1.21244062e-01, -1.04042051e-01,
           9.46909637e-04, -3.51146680e-02],
         [-9.96473535e-02, -1.35953496e-01, -1.40676719e-01,
          -1.45381797e-01, -1.03290830e-01],
         [-3.54638330e-02, -9.70566016e-02, -7.22904785e-02,
          -1.22079746e-01, -6.46922070e-02]],

        [[ 1.60314365e-01,  9.34276270e-02,  5.48373438e-02,
           9.05179443e-03,  3.60261060e-02],
         [ 1.39542666e-01, -2.16062549e-02, -1.33767838e-03,
           6.40284717e-02,  3.35263574e-02],
         [ 7.14174219e-02,  2.27196808e-03,  4.74683887e-02,
           4.15503613e-02,  1.16523301e-01],
         [ 7.53910254e-02,  1.62028662e-01,  6.54127197e-02,
           1.60307188e-01,  1.36030054e-02],
         [ 2.86091602e-01,  1.06622432e-01,  1.54743799e-01,
           1.10877285e-01,  1.36799102e-01]]],


       ...,


       [[[ 8.08186426e-02, -1.71994971e-02, -9.57397070e-02,
          -6.42061230e-02, -1.11648301e-01],
         [ 1.41639209e-01,  2.97347217e-02, -5.74409229e-02,
          -7.27798535e-02, -1.62951113e-01],
         [ 1.99248945e-01,  7.43231494e-02, -6.03214233e-03,
          -1.23408242e-01, -8.60439648e-02],
         [ 2.04519141e-01,  8.90721484e-02,  5.04525391e-03,
          -1.12834336e-01, -9.59261328e-02],
         [ 2.19017031e-01, -1.63939868e-02, -5.41544629e-02,
          -2.63148096e-02, -4.24051953e-02]],

        [[-6.20686377e-02,  6.29404663e-03,  8.84388574e-02,
           8.05551953e-02,  1.36021816e-01],
         [-5.01941943e-02, -1.74490234e-02,  5.36408398e-02,
           3.35381567e-02,  7.04280469e-02],
         [-4.19425684e-02, -8.55142029e-03,  9.84929297e-02,
          -4.61661426e-02, -3.02217114e-02],
         [-9.06824414e-02, -5.12197900e-02,  7.16517090e-02,
           8.83678418e-02, -6.57743359e-02],
         [-1.32645449e-01,  2.14505347e-02,  3.61613770e-02,
           6.67934375e-02,  1.68284546e-02]],

        [[ 1.63572998e-02, -6.80406885e-02, -7.89267285e-02,
           1.04883789e-02, -1.06093730e-01],
         [-8.12252051e-02, -2.68316309e-02,  2.79882520e-02,
           1.73765027e-02, -4.52376758e-02],
         [-1.27583848e-01, -9.60959570e-02, -9.34724316e-02,
          -3.99261279e-02, -8.48618262e-02],
         [-1.67991602e-01, -1.42619941e-01, -1.59128262e-01,
          -1.69561055e-01, -1.36058018e-01],
         [-1.77633242e-01, -1.07493760e-01, -1.16755742e-01,
          -2.40703145e-01, -1.54606895e-01]],

        [[ 8.56699524e-03, -6.75718652e-02,  8.75940332e-02,
           4.33690723e-02,  1.01272471e-01],
         [ 1.78955029e-02,  1.34881299e-02,  1.96665723e-02,
           1.16590498e-01,  3.21726123e-02],
         [-7.72435938e-02, -4.84013037e-02,  5.63623877e-02,
           2.13801270e-02,  9.46507690e-03],
         [-4.58074756e-02,  4.99251660e-02,  7.04649805e-02,
           1.44050176e-01,  2.54949854e-02],
         [-5.14550537e-02,  3.50342383e-02, -3.14868237e-02,
           9.95191406e-02,  5.34843066e-02]],

        [[ 6.05126953e-02,  2.06941699e-02,  9.08489258e-02,
           2.24244531e-02, -9.55029883e-02],
         [-8.59514648e-03,  9.21052930e-02,  1.35720654e-02,
           1.20515210e-02, -7.90926416e-02],
         [-1.12708496e-02,  6.47368262e-02,  5.15125586e-02,
          -7.35561279e-02, -6.46895801e-02],
         [ 5.48794141e-02,  3.24357397e-02, -7.96482788e-03,
          -1.03559619e-01, -4.05036475e-02],
         [ 1.33324375e-01,  1.34210469e-01,  9.45660352e-02,
           3.26727979e-02, -1.39108506e-01]],

        [[ 7.40854590e-02, -3.63689795e-02, -3.16923584e-02,
          -4.08685205e-02,  4.35465918e-02],
         [ 2.81702515e-02,  5.86775635e-03,  5.06037549e-02,
          -6.69444824e-02,  6.59904150e-02],
         [-2.67126001e-02,  5.45985046e-03,  6.91745605e-02,
           1.82836279e-02, -4.11391113e-02],
         [ 2.81442780e-03, -1.17313770e-02,  6.21062695e-02,
          -1.06285571e-02, -1.21099939e-02],
         [-5.34902588e-03,  8.94819531e-02,  7.36651465e-02,
           2.26238867e-02,  1.05482397e-02]]],


       [[[-1.06083281e-01, -1.47104016e-02,  2.49695581e-02,
          -9.02552930e-02, -5.86449609e-02],
         [ 1.09521509e-02,  4.01846338e-02, -5.07171143e-02,
          -6.76524023e-02, -7.61015430e-02],
         [ 2.64870801e-02,  4.60488965e-02, -2.58360938e-02,
          -7.73043945e-02,  2.16152466e-02],
         [ 3.54057837e-02,  6.51200098e-02, -1.23149551e-01,
          -4.23551465e-02,  4.25636328e-02],
         [-6.06660583e-03, -5.04821387e-02, -2.06200977e-02,
           3.58716455e-02,  6.58169141e-02]],

        [[-4.42171777e-02,  4.06563171e-03, -2.86209521e-02,
          -6.92492090e-02,  3.92221954e-03],
         [ 1.05103223e-01, -1.78829663e-02,  5.94689648e-02,
          -6.79471094e-02,  9.79574402e-03],
         [ 4.07866797e-02, -7.03830688e-03, -2.40585498e-02,
          -2.56914844e-02, -7.50381396e-02],
         [-1.59004272e-02, -4.09609668e-02, -6.17755176e-02,
          -5.01642969e-02, -4.47372900e-02],
         [-3.60937061e-02,  2.55687207e-02, -1.15158623e-01,
          -4.96417285e-02,  8.71378723e-03]],

        [[-7.11105615e-02, -9.20471680e-02, -5.54495117e-02,
           4.19978027e-02, -5.43758398e-02],
         [-2.55167725e-02, -3.88172998e-02, -1.36150332e-01,
          -6.34916504e-02,  1.75552075e-02],
         [-7.06203516e-02, -8.45988281e-02, -8.84094727e-02,
          -3.40295068e-02, -9.29155078e-02],
         [-9.22893164e-02,  1.81834583e-02, -5.61995557e-02,
          -1.22778047e-01, -9.91815625e-02],
         [-6.63271027e-04, -1.44684277e-02, -3.31874951e-02,
          -3.72390869e-02, -1.10414121e-01]],

        [[-2.26965820e-02,  8.80005469e-02,  3.86900684e-02,
          -1.56493530e-02,  1.01786172e-01],
         [ 9.20437402e-02, -2.82718652e-02,  9.64391406e-02,
           9.66511133e-02,  5.86088574e-02],
         [ 6.05687891e-02,  1.89355981e-02,  1.08060547e-01,
           9.73757813e-02,  2.68334259e-03],
         [-1.57439380e-02, -3.11195239e-02,  9.21804102e-02,
           1.00314590e-01, -6.80311768e-02],
         [ 4.94261816e-02,  3.33969666e-03, -3.90719452e-04,
           1.22045254e-01,  4.00008130e-02]],

        [[ 5.74778613e-02, -3.76527441e-02,  3.01126373e-03,
           1.56887695e-01,  1.01529063e-01],
         [-2.78884863e-02,  8.08134277e-03,  1.03244102e-01,
           1.47914023e-01,  6.15228857e-02],
         [ 1.68707837e-02,  1.27777402e-01,  6.82051758e-02,
          -7.85336328e-02,  2.42420293e-01],
         [-2.84855908e-02,  1.56132637e-01,  6.43581445e-02,
           2.77689258e-02,  2.55826465e-01],
         [ 1.18294004e-01,  1.48822461e-01,  7.41742188e-02,
           1.33986250e-01,  1.83939297e-01]],

        [[-3.77184082e-03,  1.64337683e-02,  2.47233691e-02,
          -1.34978613e-01, -9.14279883e-02],
         [ 1.24242363e-01,  1.34219263e-02,  3.12337012e-02,
          -3.15314551e-02, -1.54980635e-01],
         [ 1.38354180e-01, -1.44187158e-02,  8.94095312e-02,
          -8.65666309e-02, -7.96146729e-03],
         [ 6.11256104e-03,  3.53961523e-02,  5.81563135e-02,
          -1.05175254e-01, -7.20592383e-02],
         [ 2.36503998e-03, -2.31524414e-02, -3.38017676e-02,
          -9.99365918e-02, -3.02165161e-02]]],


       [[[-2.83898132e-03, -9.44787305e-02, -4.42970117e-02,
          -7.51123047e-02, -5.52141504e-02],
         [ 1.80336929e-03, -3.59203931e-02,  1.87302490e-02,
           5.19305469e-02, -1.55740820e-02],
         [ 1.04851582e-01,  1.32455840e-01,  5.33080566e-02,
           4.04823120e-03, -3.29592773e-02],
         [ 1.25783652e-01,  7.21136426e-02,  1.15727529e-01,
           8.40370117e-02,  1.14419736e-01],
         [ 6.18346924e-02, -8.23441895e-03, -2.57626733e-02,
           1.00871699e-01,  3.27247998e-02]],

        [[-5.44401428e-03,  4.75872656e-02,  3.69484424e-02,
           8.76078125e-02,  8.89974414e-02],
         [-9.84890625e-02,  4.46947327e-03,  8.98394824e-02,
           1.22283437e-01,  2.01285571e-02],
         [-9.89156250e-02, -9.61356836e-02, -8.33870850e-03,
           3.22842090e-02,  6.33423218e-03],
         [-1.03628926e-01, -9.08176367e-02, -2.31811255e-02,
          -5.59321826e-02, -8.79010059e-02],
         [-1.39575317e-02, -7.95785791e-02, -3.06568213e-02,
          -3.85021899e-02, -4.83465723e-02]],

        [[ 1.59680723e-01,  5.49832617e-02, -5.55281152e-02,
           1.03505313e-01,  7.27894189e-02],
         [ 8.94330859e-02,  5.83569434e-02,  8.96291016e-02,
           5.25252051e-02,  7.78459619e-02],
         [ 4.08340576e-02,  9.03371484e-02, -3.54447437e-02,
           1.23346504e-01,  1.46777363e-01],
         [ 1.39182734e-01,  1.99532402e-01,  9.02332813e-02,
           8.89127539e-02,  1.14449893e-01],
         [ 5.54301270e-02,  2.25485469e-01,  2.07629277e-01,
           1.55734600e-01,  1.08996543e-01]],

        [[-5.69228821e-03, -6.51497266e-02,  3.22611621e-02,
          -8.55633984e-02,  4.36101172e-02],
         [-3.72588062e-02, -2.31526221e-02, -6.26982324e-02,
          -2.27230743e-03,  1.32902744e-01],
         [ 7.74511279e-02, -3.17195361e-02, -8.24442090e-02,
           7.69683716e-03,  4.87938867e-02],
         [ 4.47325195e-02, -4.13645703e-02,  1.41196460e-02,
           8.22028613e-02, -1.49368729e-03],
         [ 1.12774687e-01,  2.52691602e-02,  6.48467188e-02,
          -1.48986670e-02,  1.21142761e-03]],

        [[-7.28855273e-02, -1.70580371e-01, -4.50963232e-02,
          -6.82259717e-02, -3.54867261e-02],
         [-7.54254297e-02, -3.49843213e-02, -1.20276816e-01,
          -6.18724902e-02, -9.54960937e-02],
         [-1.99672119e-02, -6.07277246e-02, -2.63150830e-02,
           4.35846289e-02,  3.04047705e-02],
         [ 7.10929199e-02, -6.72572168e-02,  5.91531055e-02,
           3.01207495e-02,  8.22195898e-02],
         [-1.10035137e-01, -1.05079912e-01, -9.82421973e-02,
           1.88091406e-02,  1.15663926e-01]],

        [[ 4.72691797e-02,  6.11214941e-02,  7.20382080e-02,
           1.36559141e-01, -6.05917664e-03],
         [ 6.64120996e-02, -4.14359766e-02,  1.89785034e-02,
          -3.90149512e-02, -4.55784766e-02],
         [ 7.72800586e-02, -3.95379852e-03, -2.27909619e-02,
          -4.81872070e-02,  2.22837280e-02],
         [-1.64321472e-02,  9.79126953e-02, -1.88195581e-02,
           2.73734229e-02, -7.03374414e-02],
         [-5.86431836e-02, -1.56453101e-02, -4.84659961e-02,
          -3.15530884e-02,  3.53314893e-02]]]]), array([ 0.10193664, -0.08410696,  0.13605312, -0.09265813,  0.09811613,
        0.29837328,  0.19828766,  0.01881956, -0.06506601,  0.24587223,
       -0.30044613, -0.35737453, -0.12718059,  0.2270193 ,  0.04039485,
       -0.09880295]), array([[-0.02585303,  0.03783819,  0.04517841, ...,  0.02052299,
         0.02720322,  0.01227495],
       [-0.01200379,  0.02557583, -0.01679303, ...,  0.00268208,
        -0.04938976,  0.01256075],
       [ 0.01536204, -0.06384475, -0.09695975, ...,  0.06815495,
         0.00444492,  0.06275802],
       ...,
       [ 0.00251314, -0.04814494,  0.02901462, ...,  0.00945825,
         0.03653134,  0.08152039],
       [-0.02827698,  0.05663045,  0.01720112, ...,  0.03669667,
         0.01238246, -0.02146846],
       [-0.03983301, -0.00138465, -0.02114445, ...,  0.0273656 ,
         0.05296686, -0.05577923]]), array([ 0.06319234,  0.00298552, -0.0138061 ,  0.010875  , -0.03075543,
        0.06959028, -0.05848418,  0.00813656,  0.01703294,  0.03015555,
       -0.06018162, -0.00994882,  0.03099607,  0.00726138,  0.0894891 ,
        0.02989193, -0.00052279,  0.04540467,  0.06868152, -0.0421648 ,
        0.04126183, -0.07409172,  0.10358326, -0.06656352, -0.00673361,
        0.05416865,  0.02064126, -0.00128068,  0.02443406,  0.00829257,
        0.0723    , -0.06898744,  0.00161471,  0.04772475,  0.0931166 ,
       -0.01717588, -0.00759468, -0.05284762,  0.02723839,  0.0543884 ,
       -0.08258579, -0.01913456,  0.03976162, -0.06685943, -0.01804303,
        0.12427869, -0.02056402, -0.01313493,  0.06170824, -0.02655358,
        0.01175084, -0.00147426,  0.01457528, -0.02942539, -0.02830551,
       -0.03348001,  0.09386006, -0.02550617, -0.03979257,  0.06274794,
        0.01261472,  0.07821608,  0.01811499,  0.03495898, -0.02307493,
        0.09478139,  0.05527216,  0.05898521,  0.03131821,  0.06077748,
        0.00785785,  0.04014726,  0.07963928,  0.02652451,  0.07224587,
        0.0015412 , -0.05939479,  0.06754228,  0.04463305, -0.1013068 ,
       -0.10304   ,  0.03726419,  0.05374129,  0.09724791,  0.02900405,
        0.0272    ,  0.07800809,  0.06988666, -0.02428089, -0.01887485,
       -0.0066535 , -0.10107799,  0.01585847, -0.03191077, -0.07809537,
        0.01411354,  0.06414836, -0.06265057, -0.02062295, -0.01438231,
       -0.00015988,  0.0137072 ,  0.05576555, -0.03665643,  0.00518365,
       -0.07328683,  0.09494824,  0.02537723, -0.05710293,  0.07002935,
       -0.03025663,  0.00221467,  0.04338603, -0.04016872, -0.04442081,
        0.05064728,  0.00139578, -0.06903136, -0.02466615,  0.0677597 ]), array([[ 0.00106638,  0.0899933 , -0.01865738, ...,  0.08930453,
        -0.00843337,  0.03935199],
       [ 0.00942795, -0.0549766 , -0.06413621, ..., -0.0452424 ,
        -0.02282217,  0.14145125],
       [-0.07666856,  0.06605837, -0.11729683, ...,  0.06927736,
        -0.00954837, -0.03999585],
       ...,
       [ 0.01815227, -0.07820821,  0.13748402, ..., -0.0552985 ,
         0.05260818,  0.03124017],
       [ 0.08557787, -0.04531355, -0.08739391, ...,  0.06170491,
         0.08978334,  0.08694561],
       [-0.07096906,  0.02352438, -0.05050723, ...,  0.01163708,
         0.00666155, -0.02179099]]), array([ 0.07029896,  0.17492543,  0.00084736,  0.01380607, -0.02730684,
        0.01752109,  0.03434029, -0.02417975,  0.04806413, -0.02793743,
        0.01047984,  0.07825792,  0.15383934, -0.03494504, -0.09281621,
       -0.03474018,  0.12266029,  0.0479225 , -0.0645154 ,  0.10223895,
       -0.03513896,  0.05042615,  0.01369773, -0.01284963, -0.10879949,
       -0.15251156,  0.04225799,  0.00552621,  0.07918904, -0.06553418,
        0.07801771, -0.00049457,  0.09870719, -0.01536603,  0.00589633,
        0.01749481,  0.21852918,  0.00679472,  0.05764021,  0.12676266,
       -0.08174039,  0.039325  ,  0.18713277,  0.09814441,  0.05433776,
       -0.01221747, -0.0589791 ,  0.17628072, -0.05690892, -0.07978148,
       -0.08174715, -0.04417164,  0.10555142, -0.0691826 ,  0.07118276,
        0.02961548, -0.05416357, -0.0202566 ,  0.08331355,  0.09970822,
        0.11672162,  0.01959972,  0.08144779,  0.09339722, -0.00026576,
       -0.08651325,  0.08255234,  0.03091717,  0.07444846, -0.00403815,
       -0.07253786, -0.09507684, -0.09631899, -0.05926936, -0.07733644,
        0.15679443, -0.03146115,  0.02731467, -0.00325915, -0.07260365,
       -0.01850247,  0.22402023, -0.01467102,  0.12487807]), array([[-5.37092334e-02, -1.84019189e-02, -5.26959106e-03,
         7.20160156e-02,  7.08755029e-02,  4.69659082e-02,
        -5.36281592e-02,  2.47335391e-01, -1.34752344e-01,
        -1.11228203e-01,  8.01337280e-03,  1.38726045e-01,
         1.54968535e-01,  8.24463184e-02,  1.02383730e-01,
        -6.62814514e-03,  1.08054961e-01, -5.25532129e-02,
        -9.72694629e-02, -8.86642187e-02, -1.18286121e-02,
        -1.10516914e-01, -2.87560937e-02, -9.89813574e-02,
        -1.99898242e-02,  1.18403906e-01, -3.14687817e-02,
        -1.57920039e-01, -3.41615063e-02,  2.21990723e-02,
         4.09591602e-02,  1.43716846e-01,  1.74911230e-01,
        -1.65771367e-01,  6.71113818e-02,  2.21976660e-02,
         2.74048120e-02,  1.13654570e-01, -1.17453613e-02,
         1.98621406e-01,  4.44680469e-02,  1.39804238e-01,
        -4.70211328e-02, -1.27207041e-01,  6.55753809e-02,
         9.01474023e-02,  8.21888770e-02, -1.53741436e-01,
        -5.98870410e-02, -5.62656836e-02, -8.72445508e-02,
         1.93588906e-01,  6.83272412e-02, -1.21078555e-01,
        -4.30273584e-02,  9.49177832e-02, -7.04385645e-02,
        -2.24069805e-01,  1.90524670e-02, -2.65110937e-01,
         1.38230898e-01,  2.42645557e-02,  9.76108398e-02,
         1.63826484e-01, -1.17228887e-01,  4.91455322e-02,
        -2.51656445e-02,  5.86770605e-02,  1.41665247e-02,
         6.60967188e-02, -8.39816602e-02,  1.06710664e-01,
        -9.20479126e-03, -2.28308032e-02,  3.52049072e-02,
         1.21387520e-01,  1.38859746e-01, -1.66033828e-01,
         2.79550352e-01, -6.49607373e-02,  1.36930408e-02,
        -7.26732617e-02, -6.20550488e-02,  2.97539590e-01],
       [ 3.04159180e-01, -1.23233223e-01,  4.30173584e-02,
         6.78249512e-02,  4.75107080e-02,  1.03593730e-01,
        -3.99505371e-02,  8.80881445e-02, -1.01601934e-01,
        -6.91140332e-02,  2.95536523e-02,  1.48038857e-01,
        -1.67448926e-01,  5.28998730e-02,  7.54980835e-03,
        -2.55227393e-02,  1.20686680e-01,  8.07765527e-02,
         2.22062817e-02, -2.42739590e-01,  1.67604907e-02,
        -1.76744375e-01, -2.00086523e-01,  4.22424658e-02,
         8.40698633e-02,  1.76328320e-01,  1.77198027e-01,
         9.94987695e-02,  1.44609658e-01, -1.40223096e-02,
        -6.50727490e-02,  6.44946973e-02, -1.79676562e-01,
         1.34090313e-01,  1.90249008e-03, -7.85804590e-02,
        -8.13080713e-02,  8.87926953e-02, -1.24937871e-01,
        -6.59819531e-02,  4.17511932e-03, -1.11675977e-01,
        -2.60536289e-01, -1.02541973e-01,  1.62929844e-01,
         2.12331680e-01,  6.42558789e-02, -1.67873613e-01,
         2.06528320e-01,  1.04436934e-01, -3.38893701e-02,
         1.37187539e-01, -1.12435332e-01, -2.17681763e-02,
         4.99210645e-02,  1.02636396e-01, -9.71301953e-02,
         1.04600137e-01,  8.50045898e-02, -1.39107852e-01,
        -4.39920776e-03,  2.40038789e-01, -5.53816211e-02,
         1.71844570e-01, -3.51683740e-02,  2.99088208e-02,
        -7.60911230e-02, -1.05777783e-01,  1.85794849e-02,
         6.48944727e-02, -2.11118672e-01,  8.39879883e-02,
         2.60565957e-01, -1.56692578e-01, -3.50976753e-04,
        -9.20043750e-02, -2.08384106e-02, -2.02006816e-01,
        -9.79923242e-02,  4.42115576e-02, -8.33660352e-02,
        -6.83353809e-02, -1.26759595e-02, -1.50499551e-01],
       [-6.29885864e-03,  1.86008711e-01, -1.33282500e-01,
         4.27385330e-06,  1.73631797e-01, -1.06029570e-01,
        -7.25898730e-02,  1.00707461e-01, -9.93500586e-02,
        -2.92879883e-02,  1.01210293e-01, -6.40035889e-02,
         4.25974023e-02,  5.09313428e-02,  9.22559082e-02,
         7.84703857e-02, -5.90589233e-03,  1.11657715e-02,
        -2.01711511e-02,  2.25622520e-01,  1.05152461e-01,
         1.13096621e-01, -1.71811328e-01,  2.68175098e-02,
        -2.98869434e-02,  1.09597832e-01,  3.80818457e-02,
        -1.15704043e-01, -1.00549873e-01, -5.57670020e-02,
         4.83555908e-02,  5.74783887e-02, -2.80701752e-03,
         6.55232861e-02,  1.04509004e-01, -7.93389062e-02,
         2.63340977e-01,  4.45969824e-02,  1.58834785e-01,
        -6.67437695e-02,  4.17498047e-02, -6.52956836e-02,
         1.13575996e-01, -9.06888086e-02,  1.73761304e-02,
        -1.64077227e-01, -4.23416113e-02,  1.22808896e-01,
         1.55050610e-02,  4.20291321e-03,  1.22745483e-02,
        -1.26021318e-01,  2.53459000e-03, -6.38999512e-02,
         1.58824766e-01,  2.04363025e-02, -2.15004785e-02,
        -1.43307158e-01, -8.19527161e-03, -8.83917969e-02,
        -5.01109180e-02,  3.55032178e-02, -7.44987610e-03,
        -1.80435583e-02,  1.13464941e-01,  4.93057373e-02,
         2.38791943e-02, -8.42418750e-02, -4.95581299e-02,
        -4.09275146e-02, -1.07377187e-01, -8.30863672e-02,
        -6.71367432e-02, -1.72863945e-01, -8.05179395e-02,
         3.15191797e-01, -4.42587793e-02, -4.92977295e-02,
         7.40940332e-02, -1.10946543e-01,  1.09331641e-01,
         1.95712109e-01, -8.33727539e-02,  2.31012930e-01],
       [-9.76253516e-02,  1.29713408e-01,  8.18486133e-02,
        -8.68582129e-02, -1.48363750e-01,  7.94155566e-02,
        -2.10512988e-02, -1.02544941e-01,  1.76841465e-01,
         1.23622207e-01,  5.88362549e-03, -1.24060107e-01,
         7.34196143e-02,  6.29830859e-02,  4.07343213e-02,
         3.90126294e-02, -5.92577344e-02, -1.74994141e-01,
        -4.96250195e-02,  1.66280781e-01,  2.41517627e-02,
         8.46816211e-02,  9.49497754e-02,  1.30613074e-02,
         1.05617256e-01, -1.59643926e-01, -3.04533105e-02,
         2.20695581e-02, -2.62556689e-02,  8.27282031e-02,
         9.24020117e-02,  4.36266895e-02, -2.06255542e-02,
        -3.09665466e-03,  1.48625562e-02, -2.13069351e-03,
         4.25858643e-02, -1.21040308e-02,  1.16677515e-02,
        -3.49974341e-02,  8.96924023e-02, -1.08056934e-02,
        -1.00375967e-01, -1.01007111e-03,  3.62114575e-02,
         1.22777832e-02,  8.64495703e-02,  8.18295703e-02,
        -1.97969873e-02,  6.23092920e-02, -4.85274072e-02,
        -1.05231387e-01, -1.34245791e-01,  1.27469629e-01,
         9.67690234e-02, -1.74336279e-02,  2.56258521e-02,
         2.19186035e-02,  1.15462490e-01,  7.41065771e-02,
         1.76099824e-01,  1.13664453e-01,  4.11846582e-02,
        -1.78460078e-01, -5.35774854e-02,  9.82368555e-02,
        -1.26331519e-02,  2.72448901e-02,  1.74545923e-02,
        -2.82805396e-02,  6.87868530e-03,  1.55676416e-02,
        -9.43973926e-02, -1.07506055e-01,  4.91254346e-02,
        -1.05816465e-01, -7.82623291e-02,  1.08032422e-01,
        -3.86616138e-02,  2.40897644e-03,  1.27541040e-02,
        -1.77440977e-01,  5.93108545e-02, -1.04152090e-01],
       [ 1.15435654e-01, -6.33232666e-02, -4.41893555e-02,
         3.93196338e-02,  2.24099634e-02, -1.20400238e-03,
         1.07071582e-01, -7.17792578e-02, -1.62414141e-01,
         1.36214961e-01, -6.96708496e-02, -1.10471172e-01,
         2.04854512e-01, -1.09912705e-01,  7.44265527e-02,
         3.71062817e-02, -5.98468628e-03,  1.48675752e-01,
         8.06358154e-02,  2.26021631e-02, -1.81857239e-03,
        -2.00948789e-01, -4.78808008e-02,  1.00882874e-02,
        -9.32773438e-03, -1.48125693e-01, -4.50830176e-02,
        -8.78383606e-03,  7.81573047e-02,  4.28587012e-02,
        -4.08643164e-02, -1.39539902e-01,  1.13939375e-01,
        -2.06522290e-02, -6.92649609e-02, -2.23225439e-02,
         2.07946406e-01,  6.66208740e-02, -4.29116260e-02,
        -9.91267212e-03, -9.05375977e-02, -3.82329736e-02,
         2.57207891e-01,  4.16877979e-02, -6.65947217e-02,
         1.98115210e-02,  5.40799316e-02,  2.11611172e-01,
        -2.10324121e-01,  9.04795605e-02,  1.82339771e-02,
        -5.61429883e-02, -8.80979980e-02, -2.80472168e-02,
        -6.78452393e-02, -8.25932422e-02,  1.43298437e-02,
        -1.47224707e-01,  2.55653662e-02,  1.45885146e-01,
        -6.04805225e-02,  3.01783594e-02,  1.52068672e-01,
         1.08415049e-01, -5.55273926e-02,  4.84155566e-02,
         1.05648457e-01,  1.18916523e-01,  9.77493750e-02,
         2.40106421e-02, -8.42240723e-02, -9.74710742e-02,
        -1.06594434e-01, -2.23240112e-02,  2.24001538e-02,
         2.29075586e-01,  5.80091602e-02, -1.29835803e-02,
        -1.16493281e-01, -2.30663471e-04, -1.24356406e-01,
         1.84464844e-01,  5.59572754e-02,  2.81844092e-02],
       [-1.66949766e-01, -1.72245581e-02,  3.53252075e-02,
        -7.92008643e-02,  2.49120654e-02, -1.42903320e-01,
        -2.60498291e-03, -2.15865547e-01,  1.63758613e-01,
         1.10151582e-01, -4.99369568e-03, -1.12033028e-03,
         1.27529961e-01, -5.17301514e-03,  9.27751563e-02,
         7.96459277e-02, -1.28521143e-01, -1.57611055e-01,
        -5.42404846e-03,  2.52031055e-01, -3.40275488e-02,
        -2.61639551e-02,  8.93548730e-02, -3.16559888e-02,
         1.74331152e-01, -3.92902832e-02, -1.03314785e-01,
        -7.84806250e-02, -5.73851318e-02,  5.11009961e-02,
        -3.93962134e-02, -1.72252852e-01,  9.58197449e-03,
         1.45217969e-01,  9.65768164e-02,  6.28844678e-02,
         4.25757471e-02,  2.30415747e-02, -1.02207520e-02,
        -8.20779590e-02,  9.82803516e-02, -1.44541719e-01,
        -7.48130518e-02, -1.18011680e-01, -1.47390449e-01,
        -3.75804541e-02,  5.42950879e-02, -4.44607910e-02,
         8.17785352e-02,  9.95231836e-02,  1.11560137e-01,
        -1.57137964e-02, -1.66925635e-02, -4.00636719e-02,
        -7.16975250e-04, -5.82458105e-02,  4.71578320e-02,
         3.15144092e-02, -1.69410675e-03, -4.58873145e-02,
        -7.86690527e-02, -4.48125293e-02, -7.12018164e-02,
        -2.11933105e-01, -1.20073018e-01,  5.78090723e-02,
         2.53078979e-02, -1.03976934e-01, -6.45337988e-02,
         1.11499717e-01,  8.50638281e-02, -7.05150732e-02,
         4.91900085e-03, -7.98780322e-02, -1.58788123e-02,
         1.07079111e-01, -8.85297070e-02,  2.81592852e-01,
         7.90068750e-02, -5.03350098e-02,  1.92168516e-01,
        -1.15484375e-01, -3.03240283e-02, -2.19165879e-01],
       [-1.16714541e-01,  7.87290186e-02, -1.29999619e-01,
        -2.66289697e-02, -1.59210020e-01, -4.23738831e-03,
         2.42188672e-02, -2.08138242e-01,  1.63486152e-01,
        -3.09346436e-02,  8.81419531e-02,  4.36919775e-02,
         4.95855908e-02, -4.62738574e-02,  5.45995508e-02,
         6.23037695e-02, -1.70064980e-01,  1.19605371e-01,
        -7.69819873e-02,  1.47762756e-02, -4.00363501e-02,
         1.66115098e-01, -4.63116699e-02, -1.02316758e-01,
        -1.49733477e-01, -1.80397500e-01, -3.07382861e-02,
         3.08445195e-01,  8.92963135e-03, -7.52850586e-03,
        -9.99307031e-02,  1.76109688e-01,  5.30336426e-02,
        -6.32738220e-03, -9.92640625e-02,  9.19816602e-02,
         3.63970184e-04, -1.61046660e-01, -1.25820840e-01,
         2.59665918e-02, -3.72808228e-02, -1.74462734e-01,
         1.34216738e-01,  5.65305273e-02, -6.49415137e-02,
        -7.84677441e-02, -1.31271475e-01, -5.42073535e-02,
         1.22500957e-01, -1.14069104e-02,  1.39355527e-01,
        -2.74706484e-01, -1.02987656e-01, -1.96639570e-01,
        -8.24290723e-02,  8.29966992e-02, -1.20137402e-01,
         1.46555215e-01,  2.44065674e-02,  7.63318066e-02,
         7.50606396e-02, -5.32235107e-03,  6.12034082e-02,
         2.06212266e-01, -3.84100635e-02, -1.29064197e-02,
         5.81993262e-02,  2.04782422e-01, -6.60024121e-02,
        -1.49964893e-01,  3.55444092e-02, -4.64031543e-02,
         1.87429023e-01, -1.81838047e-01, -2.25325977e-02,
        -1.24641582e-01, -1.17829053e-01,  1.12606387e-01,
         1.72441934e-01,  3.47834424e-02, -2.43394004e-01,
         2.66765859e-01, -1.05883096e-01,  1.34577500e-01],
       [-1.18737773e-01, -2.16456641e-01, -1.27139561e-01,
        -7.76254443e-02,  1.23433765e-02,  9.72638062e-03,
         6.60433887e-02,  1.74229746e-01, -8.84332812e-02,
        -5.10712012e-02,  5.82778711e-02, -3.72904687e-02,
         1.94692910e-01,  5.99222314e-02, -6.43779395e-02,
         1.00951719e-01, -1.37712363e-01,  6.48348535e-02,
         3.14504688e-02, -5.20022070e-02, -2.76341064e-02,
        -7.97942188e-02, -5.99706543e-02,  3.64149780e-03,
        -1.20970469e-01,  2.50481211e-01,  1.16073984e-01,
        -6.14311084e-02, -1.90622793e-01, -1.84302271e-02,
        -3.87924658e-02, -2.54421016e-01, -2.07813281e-01,
        -4.52689453e-02, -3.06476587e-02, -7.42730029e-02,
        -2.49010820e-01,  7.80748535e-02,  1.10770713e-01,
        -3.10489807e-03,  5.54918750e-02,  1.70193086e-01,
         1.55333721e-01, -1.06596074e-01, -1.19305586e-01,
        -3.44930859e-02,  2.59759888e-02,  3.91171533e-02,
         5.02441504e-02,  2.72883545e-02, -2.32546143e-02,
         7.28927246e-02,  8.87284570e-02,  1.07299980e-01,
        -2.80380469e-01,  5.26650879e-02,  1.37048750e-01,
        -1.58977305e-01,  1.08215894e-02,  2.28712930e-01,
        -2.45449766e-01, -1.91886172e-01, -5.89091699e-02,
         4.18870850e-02,  5.04466919e-03, -1.39809546e-02,
         8.53713086e-02,  1.21866230e-01, -7.28648975e-02,
         1.14832891e-01,  1.34117305e-01,  3.19000488e-02,
        -1.44581523e-01,  1.82176660e-01, -3.24720508e-02,
        -1.23805801e-01,  4.22229297e-02,  2.75751992e-01,
        -1.35255791e-01,  5.02242871e-02,  1.81748281e-01,
        -2.56828644e-03, -7.48738086e-02, -2.65371406e-01],
       [ 3.02468188e-02,  2.30858164e-01,  1.84774219e-01,
         5.73713574e-02,  7.98618262e-02, -3.28299634e-02,
         2.30560938e-01, -1.47668457e-01, -4.91919336e-02,
         2.70240674e-02,  5.23769434e-02,  9.93213184e-02,
        -1.56380039e-01, -9.33606445e-02,  2.17546289e-02,
         7.57724316e-02,  2.20199414e-01, -9.79691797e-02,
         1.00458906e-01, -2.45077773e-01,  7.29141504e-02,
        -2.61558008e-02,  3.03354043e-01, -4.21052832e-02,
        -1.27128281e-01, -4.24851270e-02,  1.93714648e-01,
        -1.08834551e-01, -8.53756152e-02,  8.86066797e-02,
         2.96474023e-02, -1.22770547e-01,  1.25251543e-01,
        -1.45955000e-01, -6.05153809e-02, -9.10698828e-02,
        -1.60975527e-01,  2.15446802e-02, -1.02146918e-02,
         1.58452070e-01, -5.27862695e-02,  1.42153438e-01,
        -1.33563945e-01,  3.22729531e-01,  2.48516992e-01,
        -1.92988516e-01,  9.94786133e-02, -2.89612610e-03,
         8.36909424e-03,  1.10967822e-01,  6.34431738e-02,
         5.38603320e-02,  2.40216230e-01, -6.19157715e-02,
         2.23183691e-01, -7.29148340e-02,  6.65247864e-03,
         1.42990020e-01,  1.14436902e-02, -1.37584844e-01,
         2.36172344e-01, -8.51270508e-02, -2.04839258e-01,
        -1.33015586e-01,  2.25879922e-01,  4.00920752e-02,
         4.74656934e-02, -1.43444160e-01,  4.19011523e-02,
         1.08182490e-01,  5.94827344e-02, -6.26617529e-02,
        -9.24412500e-02,  1.30334668e-01,  2.94500195e-02,
         3.13467041e-02,  4.43248340e-02, -4.00613945e-01,
        -1.95138262e-01,  1.63954004e-02,  7.52179492e-02,
        -1.03476113e-01,  7.03793652e-02,  8.95159766e-02],
       [ 1.25735098e-01, -6.83943359e-02,  1.62918481e-02,
        -8.33537695e-02,  1.44439121e-01,  1.85298594e-01,
        -9.91297559e-02,  1.96213398e-01, -8.36695801e-02,
        -9.90974219e-02,  6.44312891e-02,  3.75430566e-02,
        -2.76632266e-01, -3.99303003e-02,  7.16342969e-02,
        -4.38789355e-02,  1.79599980e-01,  5.71202637e-02,
         8.50107031e-02, -2.03566191e-01,  4.17045264e-02,
         1.91116836e-01,  1.80620859e-01, -9.31379004e-02,
         1.15425137e-01,  1.63868652e-01, -1.16302070e-01,
        -6.52752832e-02,  4.96054541e-02, -3.25821777e-02,
        -8.93048535e-02,  1.20698145e-01, -2.24099141e-01,
         9.36195508e-02, -2.02198193e-02,  1.04359658e-01,
        -1.95469453e-01,  1.00874005e-02,  2.64660303e-02,
        -1.09145723e-01,  4.74145215e-02,  1.85903555e-01,
        -5.11614746e-02, -1.70113555e-01, -1.87767432e-02,
         1.84903691e-01, -2.74841968e-02, -1.12087305e-01,
         1.36635742e-01, -7.26546631e-02, -4.82045801e-02,
         1.40889307e-01, -2.06977070e-01, -7.67252930e-02,
        -1.03384189e-01,  1.15222144e-02,  6.35723437e-02,
         2.09095898e-01, -3.32854028e-02, -4.00473486e-02,
        -2.62880312e-01,  1.87994414e-01, -1.64926807e-02,
        -1.18356289e-01, -3.43182373e-02,  7.56864844e-02,
         6.22777197e-02, -1.44694453e-01, -1.23056992e-01,
        -1.05590879e-01,  1.35148789e-01,  2.31890771e-02,
        -5.26435303e-02,  9.80045020e-02, -7.07843262e-02,
        -1.47146182e-01,  8.03121765e-03, -1.44924307e-01,
        -1.47426719e-01, -8.38297363e-02, -4.07653467e-02,
        -1.13787793e-01, -8.39643750e-02, -6.80294824e-02]]), array([-0.00459146, -0.19655494,  0.21347695, -0.04773013,  0.29165111,
       -0.17346965,  0.09826643, -0.2055523 ,  0.12262352, -0.26236385])], 1)]strip =QmYK8yhxbzJhaJy4RcPxZDVfLRWWrJEusReYXYPDLkFom8